{"/home/travis/build/npmtest/node-npmtest-mssql/test.js":{"path":"/home/travis/build/npmtest/node-npmtest-mssql/test.js","s":{"1":2,"2":2,"3":2,"4":2,"5":2,"6":2,"7":2,"8":1,"9":2,"10":2,"11":1,"12":1,"13":1,"14":1,"15":2,"16":2,"17":2,"18":2,"19":1,"20":1,"21":2,"22":2,"23":2,"24":1,"25":1,"26":1,"27":1,"28":1,"29":1,"30":1,"31":1,"32":1,"33":1,"34":1,"35":1,"36":1,"37":1,"38":1,"39":2,"40":2,"41":1,"42":2,"43":2,"44":1,"45":2,"46":2,"47":1,"48":2,"49":2,"50":1,"51":1,"52":1,"53":1,"54":1},"b":{"1":[2,1,1,1],"2":[1,1,1,1],"3":[1,1],"4":[1,1],"5":[1,1],"6":[1,1],"7":[1,1],"8":[1,1],"9":[1,1],"10":[1,1,1],"11":[1,1],"12":[1,1],"13":[1,1],"14":[1,1],"15":[1,1],"16":[1,1],"17":[1,1]},"f":{"1":2,"2":2,"3":2,"4":2,"5":2,"6":1,"7":1,"8":1,"9":2,"10":2,"11":2,"12":2,"13":1},"fnMap":{"1":{"name":"(anonymous_1)","line":12,"loc":{"start":{"line":12,"column":1},"end":{"line":12,"column":13}}},"2":{"name":"(anonymous_2)","line":19,"loc":{"start":{"line":19,"column":5},"end":{"line":19,"column":17}}},"3":{"name":"(anonymous_3)","line":23,"loc":{"start":{"line":23,"column":24},"end":{"line":23,"column":36}}},"4":{"name":"(anonymous_4)","line":61,"loc":{"start":{"line":61,"column":5},"end":{"line":61,"column":17}}},"5":{"name":"(anonymous_5)","line":82,"loc":{"start":{"line":82,"column":5},"end":{"line":82,"column":17}}},"6":{"name":"(anonymous_6)","line":91,"loc":{"start":{"line":91,"column":77},"end":{"line":94,"column":10}}},"7":{"name":"(anonymous_7)","line":112,"loc":{"start":{"line":112,"column":83},"end":{"line":115,"column":10}},"skip":true},"8":{"name":"(anonymous_8)","line":123,"loc":{"start":{"line":123,"column":77},"end":{"line":126,"column":10}},"skip":true},"9":{"name":"(anonymous_9)","line":139,"loc":{"start":{"line":139,"column":12},"end":{"line":139,"column":40}},"skip":true},"10":{"name":"(anonymous_10)","line":147,"loc":{"start":{"line":147,"column":77},"end":{"line":150,"column":10}},"skip":true},"11":{"name":"(anonymous_11)","line":158,"loc":{"start":{"line":158,"column":83},"end":{"line":161,"column":10}},"skip":true},"12":{"name":"(anonymous_12)","line":169,"loc":{"start":{"line":169,"column":79},"end":{"line":172,"column":10}},"skip":true},"13":{"name":"(anonymous_13)","line":180,"loc":{"start":{"line":180,"column":75},"end":{"line":183,"column":10}},"skip":true}},"statementMap":{"1":{"start":{"line":12,"column":0},"end":{"line":195,"column":5}},"2":{"start":{"line":14,"column":4},"end":{"line":14,"column":14}},"3":{"start":{"line":19,"column":4},"end":{"line":56,"column":9}},"4":{"start":{"line":21,"column":8},"end":{"line":21,"column":19}},"5":{"start":{"line":23,"column":8},"end":{"line":35,"column":13}},"6":{"start":{"line":24,"column":12},"end":{"line":34,"column":13}},"7":{"start":{"line":25,"column":16},"end":{"line":28,"column":30}},"8":{"start":{"line":30,"column":16},"end":{"line":33,"column":27}},"9":{"start":{"line":37,"column":8},"end":{"line":39,"column":21}},"10":{"start":{"line":40,"column":8},"end":{"line":53,"column":9}},"11":{"start":{"line":43,"column":12},"end":{"line":46,"column":14}},"12":{"start":{"line":47,"column":12},"end":{"line":47,"column":18}},"13":{"start":{"line":50,"column":12},"end":{"line":51,"column":33}},"14":{"start":{"line":52,"column":12},"end":{"line":52,"column":18}},"15":{"start":{"line":55,"column":8},"end":{"line":55,"column":35}},"16":{"start":{"line":61,"column":4},"end":{"line":63,"column":9}},"17":{"start":{"line":62,"column":8},"end":{"line":62,"column":15}},"18":{"start":{"line":64,"column":4},"end":{"line":77,"column":5}},"19":{"start":{"line":70,"column":8},"end":{"line":70,"column":14}},"20":{"start":{"line":76,"column":8},"end":{"line":76,"column":14}},"21":{"start":{"line":82,"column":4},"end":{"line":84,"column":9}},"22":{"start":{"line":83,"column":8},"end":{"line":83,"column":15}},"23":{"start":{"line":85,"column":4},"end":{"line":194,"column":5}},"24":{"start":{"line":91,"column":8},"end":{"line":99,"column":10}},"25":{"start":{"line":98,"column":12},"end":{"line":98,"column":35}},"26":{"start":{"line":102,"column":8},"end":{"line":104,"column":63}},"27":{"start":{"line":105,"column":8},"end":{"line":105,"column":14}},"28":{"start":{"line":112,"column":8},"end":{"line":121,"column":10},"skip":true},"29":{"start":{"line":119,"column":12},"end":{"line":119,"column":55},"skip":true},"30":{"start":{"line":120,"column":12},"end":{"line":120,"column":48},"skip":true},"31":{"start":{"line":123,"column":8},"end":{"line":136,"column":10},"skip":true},"32":{"start":{"line":130,"column":12},"end":{"line":130,"column":76},"skip":true},"33":{"start":{"line":131,"column":12},"end":{"line":131,"column":73},"skip":true},"34":{"start":{"line":132,"column":12},"end":{"line":132,"column":74},"skip":true},"35":{"start":{"line":133,"column":12},"end":{"line":133,"column":79},"skip":true},"36":{"start":{"line":134,"column":12},"end":{"line":134,"column":25},"skip":true},"37":{"start":{"line":135,"column":12},"end":{"line":135,"column":45},"skip":true},"38":{"start":{"line":138,"column":8},"end":{"line":145,"column":14},"skip":true},"39":{"start":{"line":143,"column":16},"end":{"line":143,"column":29},"skip":true},"40":{"start":{"line":144,"column":16},"end":{"line":144,"column":55},"skip":true},"41":{"start":{"line":147,"column":8},"end":{"line":156,"column":10},"skip":true},"42":{"start":{"line":154,"column":12},"end":{"line":154,"column":25},"skip":true},"43":{"start":{"line":155,"column":12},"end":{"line":155,"column":45},"skip":true},"44":{"start":{"line":158,"column":8},"end":{"line":167,"column":10},"skip":true},"45":{"start":{"line":165,"column":12},"end":{"line":165,"column":25},"skip":true},"46":{"start":{"line":166,"column":12},"end":{"line":166,"column":48},"skip":true},"47":{"start":{"line":169,"column":8},"end":{"line":178,"column":10},"skip":true},"48":{"start":{"line":176,"column":12},"end":{"line":176,"column":25},"skip":true},"49":{"start":{"line":177,"column":12},"end":{"line":177,"column":46},"skip":true},"50":{"start":{"line":180,"column":8},"end":{"line":189,"column":10},"skip":true},"51":{"start":{"line":187,"column":12},"end":{"line":187,"column":94},"skip":true},"52":{"start":{"line":188,"column":12},"end":{"line":188,"column":48},"skip":true},"53":{"start":{"line":192,"column":8},"end":{"line":192,"column":35},"skip":true},"54":{"start":{"line":193,"column":8},"end":{"line":193,"column":14},"skip":true}},"branchMap":{"1":{"line":25,"type":"binary-expr","locations":[{"start":{"line":25,"column":23},"end":{"line":25,"column":62}},{"start":{"line":26,"column":20},"end":{"line":26,"column":70}},{"start":{"line":27,"column":20},"end":{"line":27,"column":71}},{"start":{"line":28,"column":20},"end":{"line":28,"column":29}}]},"2":{"line":30,"type":"binary-expr","locations":[{"start":{"line":30,"column":23},"end":{"line":30,"column":37}},{"start":{"line":31,"column":20},"end":{"line":31,"column":61}},{"start":{"line":32,"column":20},"end":{"line":32,"column":70}},{"start":{"line":33,"column":20},"end":{"line":33,"column":26}}]},"3":{"line":37,"type":"cond-expr","locations":[{"start":{"line":38,"column":14},"end":{"line":38,"column":20}},{"start":{"line":39,"column":14},"end":{"line":39,"column":20}}]},"4":{"line":40,"type":"switch","locations":[{"start":{"line":42,"column":8},"end":{"line":47,"column":18}},{"start":{"line":49,"column":8},"end":{"line":52,"column":18}}]},"5":{"line":44,"type":"binary-expr","locations":[{"start":{"line":44,"column":16},"end":{"line":44,"column":44}},{"start":{"line":44,"column":48},"end":{"line":44,"column":66}}]},"6":{"line":50,"type":"binary-expr","locations":[{"start":{"line":50,"column":21},"end":{"line":50,"column":49}},{"start":{"line":50,"column":53},"end":{"line":50,"column":72}}]},"7":{"line":64,"type":"switch","locations":[{"start":{"line":69,"column":4},"end":{"line":70,"column":14}},{"start":{"line":75,"column":4},"end":{"line":76,"column":14}}]},"8":{"line":85,"type":"switch","locations":[{"start":{"line":90,"column":4},"end":{"line":105,"column":14}},{"start":{"line":111,"column":4},"end":{"line":193,"column":14},"skip":true}]},"9":{"line":91,"type":"binary-expr","locations":[{"start":{"line":91,"column":42},"end":{"line":91,"column":73}},{"start":{"line":91,"column":77},"end":{"line":99,"column":9}}]},"10":{"line":102,"type":"binary-expr","locations":[{"start":{"line":102,"column":18},"end":{"line":102,"column":32}},{"start":{"line":103,"column":12},"end":{"line":103,"column":53}},{"start":{"line":104,"column":12},"end":{"line":104,"column":61}}]},"11":{"line":112,"type":"binary-expr","locations":[{"start":{"line":112,"column":45},"end":{"line":112,"column":79},"skip":true},{"start":{"line":112,"column":83},"end":{"line":121,"column":9},"skip":true}]},"12":{"line":123,"type":"binary-expr","locations":[{"start":{"line":123,"column":42},"end":{"line":123,"column":73},"skip":true},{"start":{"line":123,"column":77},"end":{"line":136,"column":9},"skip":true}]},"13":{"line":138,"type":"binary-expr","locations":[{"start":{"line":138,"column":48},"end":{"line":138,"column":85},"skip":true},{"start":{"line":139,"column":12},"end":{"line":145,"column":13},"skip":true}]},"14":{"line":147,"type":"binary-expr","locations":[{"start":{"line":147,"column":42},"end":{"line":147,"column":73},"skip":true},{"start":{"line":147,"column":77},"end":{"line":156,"column":9},"skip":true}]},"15":{"line":158,"type":"binary-expr","locations":[{"start":{"line":158,"column":45},"end":{"line":158,"column":79},"skip":true},{"start":{"line":158,"column":83},"end":{"line":167,"column":9},"skip":true}]},"16":{"line":169,"type":"binary-expr","locations":[{"start":{"line":169,"column":43},"end":{"line":169,"column":75},"skip":true},{"start":{"line":169,"column":79},"end":{"line":178,"column":9},"skip":true}]},"17":{"line":180,"type":"binary-expr","locations":[{"start":{"line":180,"column":41},"end":{"line":180,"column":71},"skip":true},{"start":{"line":180,"column":75},"end":{"line":189,"column":9},"skip":true}]}},"code":["/* istanbul instrument in package npmtest_mssql */","/*jslint","    bitwise: true,","    browser: true,","    maxerr: 8,","    maxlen: 96,","    node: true,","    nomen: true,","    regexp: true,","    stupid: true","*/","(function () {","    'use strict';","    var local;","","","","    // run shared js-env code - init-before","    (function () {","        // init local","        local = {};","        // init modeJs","        local.modeJs = (function () {","            try {","                return typeof navigator.userAgent === 'string' &&","                    typeof document.querySelector('body') === 'object' &&","                    typeof XMLHttpRequest.prototype.open === 'function' &&","                    'browser';","            } catch (errorCaughtBrowser) {","                return module.exports &&","                    typeof process.versions.node === 'string' &&","                    typeof require('http').createServer === 'function' &&","                    'node';","            }","        }());","        // init global","        local.global = local.modeJs === 'browser'","            ? window","            : global;","        switch (local.modeJs) {","        // re-init local from window.local","        case 'browser':","            local = local.global.utility2.objectSetDefault(","                local.global.utility2_rollup || local.global.local,","                local.global.utility2","            );","            break;","        // re-init local from example.js","        case 'node':","            local = (local.global.utility2_rollup || require('utility2'))","                .requireReadme();","            break;","        }","        // export local","        local.global.local = local;","    }());","","","","    // run shared js-env code - function","    (function () {","        return;","    }());","    switch (local.modeJs) {","","","","    // run browser js-env code - function","    case 'browser':","        break;","","","","    // run node js-env code - function","    case 'node':","        break;","    }","","","","    // run shared js-env code - init-after","    (function () {","        return;","    }());","    switch (local.modeJs) {","","","","    // run browser js-env code - init-after","    case 'browser':","        local.testCase_browser_nullCase = local.testCase_browser_nullCase || function (","            options,","            onError","        ) {","        /*","         * this function will test browsers's null-case handling-behavior-behavior","         */","            onError(null, options);","        };","","        // run tests","        local.nop(local.modeTest &&","            document.querySelector('#testRunButton1') &&","            document.querySelector('#testRunButton1').click());","        break;","","","","    // run node js-env code - init-after","    /* istanbul ignore next */","    case 'node':","        local.testCase_buildApidoc_default = local.testCase_buildApidoc_default || function (","            options,","            onError","        ) {","        /*","         * this function will test buildApidoc's default handling-behavior-behavior","         */","            options = { modulePathList: module.paths };","            local.buildApidoc(options, onError);","        };","","        local.testCase_buildApp_default = local.testCase_buildApp_default || function (","            options,","            onError","        ) {","        /*","         * this function will test buildApp's default handling-behavior-behavior","         */","            local.testCase_buildReadme_default(options, local.onErrorThrow);","            local.testCase_buildLib_default(options, local.onErrorThrow);","            local.testCase_buildTest_default(options, local.onErrorThrow);","            local.testCase_buildCustomOrg_default(options, local.onErrorThrow);","            options = [];","            local.buildApp(options, onError);","        };","","        local.testCase_buildCustomOrg_default = local.testCase_buildCustomOrg_default ||","            function (options, onError) {","            /*","             * this function will test buildCustomOrg's default handling-behavior","             */","                options = {};","                local.buildCustomOrg(options, onError);","            };","","        local.testCase_buildLib_default = local.testCase_buildLib_default || function (","            options,","            onError","        ) {","        /*","         * this function will test buildLib's default handling-behavior","         */","            options = {};","            local.buildLib(options, onError);","        };","","        local.testCase_buildReadme_default = local.testCase_buildReadme_default || function (","            options,","            onError","        ) {","        /*","         * this function will test buildReadme's default handling-behavior-behavior","         */","            options = {};","            local.buildReadme(options, onError);","        };","","        local.testCase_buildTest_default = local.testCase_buildTest_default || function (","            options,","            onError","        ) {","        /*","         * this function will test buildTest's default handling-behavior","         */","            options = {};","            local.buildTest(options, onError);","        };","","        local.testCase_webpage_default = local.testCase_webpage_default || function (","            options,","            onError","        ) {","        /*","         * this function will test webpage's default handling-behavior","         */","            options = { modeCoverageMerge: true, url: local.serverLocalHost + '?modeTest=1' };","            local.browserTest(options, onError);","        };","","        // run test-server","        local.testRunServer(local);","        break;","    }","}());",""],"l":{"12":2,"14":2,"19":2,"21":2,"23":2,"24":2,"25":2,"30":1,"37":2,"40":2,"43":1,"47":1,"50":1,"52":1,"55":2,"61":2,"62":2,"64":2,"70":1,"76":1,"82":2,"83":2,"85":2,"91":1,"98":1,"102":1,"105":1,"112":1,"119":1,"120":1,"123":1,"130":1,"131":1,"132":1,"133":1,"134":1,"135":1,"138":1,"143":2,"144":2,"147":1,"154":2,"155":2,"158":1,"165":2,"166":2,"169":1,"176":2,"177":2,"180":1,"187":1,"188":1,"192":1,"193":1}},"/home/travis/build/npmtest/node-npmtest-mssql/lib.npmtest_mssql.js":{"path":"/home/travis/build/npmtest/node-npmtest-mssql/lib.npmtest_mssql.js","s":{"1":2,"2":2,"3":2,"4":2,"5":2,"6":2,"7":2,"8":1,"9":2,"10":2,"11":2,"12":2,"13":1,"14":1,"15":1,"16":1},"b":{"1":[2,1,1,1],"2":[1,1,1,1],"3":[1,1],"4":[2,2],"5":[1,1]},"f":{"1":2,"2":2,"3":2},"fnMap":{"1":{"name":"(anonymous_1)","line":12,"loc":{"start":{"line":12,"column":1},"end":{"line":12,"column":13}}},"2":{"name":"(anonymous_2)","line":19,"loc":{"start":{"line":19,"column":5},"end":{"line":19,"column":17}}},"3":{"name":"(anonymous_3)","line":23,"loc":{"start":{"line":23,"column":24},"end":{"line":23,"column":36}}}},"statementMap":{"1":{"start":{"line":12,"column":0},"end":{"line":53,"column":5}},"2":{"start":{"line":14,"column":4},"end":{"line":14,"column":14}},"3":{"start":{"line":19,"column":4},"end":{"line":52,"column":9}},"4":{"start":{"line":21,"column":8},"end":{"line":21,"column":19}},"5":{"start":{"line":23,"column":8},"end":{"line":35,"column":13}},"6":{"start":{"line":24,"column":12},"end":{"line":34,"column":13}},"7":{"start":{"line":25,"column":16},"end":{"line":28,"column":30}},"8":{"start":{"line":30,"column":16},"end":{"line":33,"column":27}},"9":{"start":{"line":37,"column":8},"end":{"line":39,"column":21}},"10":{"start":{"line":41,"column":8},"end":{"line":41,"column":54}},"11":{"start":{"line":43,"column":8},"end":{"line":43,"column":50}},"12":{"start":{"line":45,"column":8},"end":{"line":51,"column":9}},"13":{"start":{"line":46,"column":12},"end":{"line":46,"column":56}},"14":{"start":{"line":48,"column":12},"end":{"line":48,"column":35}},"15":{"start":{"line":49,"column":12},"end":{"line":49,"column":49}},"16":{"start":{"line":50,"column":12},"end":{"line":50,"column":43}}},"branchMap":{"1":{"line":25,"type":"binary-expr","locations":[{"start":{"line":25,"column":23},"end":{"line":25,"column":62}},{"start":{"line":26,"column":20},"end":{"line":26,"column":70}},{"start":{"line":27,"column":20},"end":{"line":27,"column":71}},{"start":{"line":28,"column":20},"end":{"line":28,"column":29}}]},"2":{"line":30,"type":"binary-expr","locations":[{"start":{"line":30,"column":23},"end":{"line":30,"column":37}},{"start":{"line":31,"column":20},"end":{"line":31,"column":61}},{"start":{"line":32,"column":20},"end":{"line":32,"column":70}},{"start":{"line":33,"column":20},"end":{"line":33,"column":26}}]},"3":{"line":37,"type":"cond-expr","locations":[{"start":{"line":38,"column":14},"end":{"line":38,"column":20}},{"start":{"line":39,"column":14},"end":{"line":39,"column":20}}]},"4":{"line":41,"type":"binary-expr","locations":[{"start":{"line":41,"column":16},"end":{"line":41,"column":44}},{"start":{"line":41,"column":48},"end":{"line":41,"column":53}}]},"5":{"line":45,"type":"if","locations":[{"start":{"line":45,"column":8},"end":{"line":45,"column":8}},{"start":{"line":45,"column":8},"end":{"line":45,"column":8}}]}},"code":["/* istanbul instrument in package npmtest_mssql */","/*jslint","    bitwise: true,","    browser: true,","    maxerr: 8,","    maxlen: 96,","    node: true,","    nomen: true,","    regexp: true,","    stupid: true","*/","(function () {","    'use strict';","    var local;","","","","    // run shared js-env code - init-before","    (function () {","        // init local","        local = {};","        // init modeJs","        local.modeJs = (function () {","            try {","                return typeof navigator.userAgent === 'string' &&","                    typeof document.querySelector('body') === 'object' &&","                    typeof XMLHttpRequest.prototype.open === 'function' &&","                    'browser';","            } catch (errorCaughtBrowser) {","                return module.exports &&","                    typeof process.versions.node === 'string' &&","                    typeof require('http').createServer === 'function' &&","                    'node';","            }","        }());","        // init global","        local.global = local.modeJs === 'browser'","            ? window","            : global;","        // init utility2_rollup","        local = local.global.utility2_rollup || local;","        // init lib","        local.local = local.npmtest_mssql = local;","        // init exports","        if (local.modeJs === 'browser') {","            local.global.utility2_npmtest_mssql = local;","        } else {","            module.exports = local;","            module.exports.__dirname = __dirname;","            module.exports.module = module;","        }","    }());","}());",""],"l":{"12":2,"14":2,"19":2,"21":2,"23":2,"24":2,"25":2,"30":1,"37":2,"41":2,"43":2,"45":2,"46":1,"48":1,"49":1,"50":1}},"/home/travis/build/npmtest/node-npmtest-mssql/example.js":{"path":"/home/travis/build/npmtest/node-npmtest-mssql/example.js","s":{"1":2,"2":2,"3":2,"4":2,"5":2,"6":2,"7":2,"8":1,"9":2,"10":2,"11":2,"12":2,"13":1,"14":2,"15":2,"16":2,"17":2,"18":2,"19":0,"20":2,"21":1,"22":1,"23":1,"24":1,"25":1,"26":0,"27":0,"28":1,"29":1,"30":2,"31":0,"32":0,"33":0,"34":1,"35":2,"36":2,"37":3,"38":3,"39":3,"40":3,"41":0,"42":3,"43":3,"44":3,"45":1,"46":3,"47":1,"48":1,"49":1,"50":1,"51":1,"52":1,"53":1,"54":1,"55":1,"56":1,"57":0,"58":1,"59":6,"60":6,"61":1,"62":2,"63":0,"64":2,"65":1,"66":1,"67":0,"68":0,"69":0,"70":0,"71":0,"72":0,"73":0,"74":0,"75":0,"76":0,"77":0,"78":0,"79":0,"80":0,"81":0,"82":0,"83":0},"b":{"1":[2,1,1,1],"2":[1,1,1,1],"3":[1,1],"4":[2,2],"5":[1,1],"6":[1,1],"7":[2,0],"8":[2,1,1,1,1,1],"9":[0,2,0],"10":[1,1],"11":[2,1,1],"12":[1,0],"13":[0,2],"14":[2,0,0,0,0,0,0],"15":[0,3],"16":[3,0],"17":[1,1],"18":[0,1],"19":[1,2,0,2],"20":[1,0],"21":[1,1],"22":[0,0],"23":[0,0],"24":[0,0],"25":[0,0],"26":[0,0],"27":[0,0],"28":[0,0]},"f":{"1":2,"2":2,"3":2,"4":2,"5":2,"6":2,"7":3,"8":3,"9":3,"10":1,"11":6,"12":0},"fnMap":{"1":{"name":"(anonymous_1)","line":26,"loc":{"start":{"line":26,"column":1},"end":{"line":26,"column":13}}},"2":{"name":"(anonymous_2)","line":33,"loc":{"start":{"line":33,"column":5},"end":{"line":33,"column":17}}},"3":{"name":"(anonymous_3)","line":37,"loc":{"start":{"line":37,"column":24},"end":{"line":37,"column":36}}},"4":{"name":"(anonymous_4)","line":69,"loc":{"start":{"line":69,"column":31},"end":{"line":69,"column":48}},"skip":true},"5":{"name":"(anonymous_5)","line":78,"loc":{"start":{"line":78,"column":26},"end":{"line":78,"column":45}},"skip":true},"6":{"name":"(anonymous_6)","line":123,"loc":{"start":{"line":123,"column":33},"end":{"line":123,"column":48}},"skip":true},"7":{"name":"(anonymous_7)","line":125,"loc":{"start":{"line":125,"column":27},"end":{"line":125,"column":39}},"skip":true},"8":{"name":"(anonymous_8)","line":133,"loc":{"start":{"line":133,"column":59},"end":{"line":133,"column":74}},"skip":true},"9":{"name":"(anonymous_9)","line":143,"loc":{"start":{"line":143,"column":45},"end":{"line":143,"column":62}},"skip":true},"10":{"name":"(anonymous_10)","line":144,"loc":{"start":{"line":144,"column":73},"end":{"line":144,"column":92}},"skip":true},"11":{"name":"(anonymous_11)","line":272,"loc":{"start":{"line":272,"column":51},"end":{"line":272,"column":77}},"skip":true},"12":{"name":"(anonymous_12)","line":315,"loc":{"start":{"line":315,"column":32},"end":{"line":315,"column":61}},"skip":true}},"statementMap":{"1":{"start":{"line":26,"column":0},"end":{"line":326,"column":5}},"2":{"start":{"line":28,"column":4},"end":{"line":28,"column":14}},"3":{"start":{"line":33,"column":4},"end":{"line":60,"column":9}},"4":{"start":{"line":35,"column":8},"end":{"line":35,"column":19}},"5":{"start":{"line":37,"column":8},"end":{"line":49,"column":13}},"6":{"start":{"line":38,"column":12},"end":{"line":48,"column":13}},"7":{"start":{"line":39,"column":16},"end":{"line":42,"column":30}},"8":{"start":{"line":44,"column":16},"end":{"line":47,"column":27}},"9":{"start":{"line":51,"column":8},"end":{"line":53,"column":21}},"10":{"start":{"line":55,"column":8},"end":{"line":57,"column":45}},"11":{"start":{"line":59,"column":8},"end":{"line":59,"column":35}},"12":{"start":{"line":61,"column":4},"end":{"line":325,"column":5}},"13":{"start":{"line":69,"column":8},"end":{"line":121,"column":10},"skip":true},"14":{"start":{"line":70,"column":12},"end":{"line":88,"column":13},"skip":true},"15":{"start":{"line":76,"column":16},"end":{"line":87,"column":19},"skip":true},"16":{"start":{"line":79,"column":20},"end":{"line":86,"column":21},"skip":true},"17":{"start":{"line":82,"column":24},"end":{"line":82,"column":43},"skip":true},"18":{"start":{"line":83,"column":24},"end":{"line":83,"column":30},"skip":true},"19":{"start":{"line":85,"column":24},"end":{"line":85,"column":49},"skip":true},"20":{"start":{"line":89,"column":12},"end":{"line":107,"column":13},"skip":true},"21":{"start":{"line":92,"column":16},"end":{"line":102,"column":17},"skip":true},"22":{"start":{"line":93,"column":20},"end":{"line":93,"column":86},"skip":true},"23":{"start":{"line":94,"column":20},"end":{"line":95,"column":45},"skip":true},"24":{"start":{"line":96,"column":20},"end":{"line":96,"column":42},"skip":true},"25":{"start":{"line":97,"column":20},"end":{"line":97,"column":48},"skip":true},"26":{"start":{"line":100,"column":20},"end":{"line":100,"column":85},"skip":true},"27":{"start":{"line":101,"column":20},"end":{"line":101,"column":96},"skip":true},"28":{"start":{"line":103,"column":16},"end":{"line":103,"column":22},"skip":true},"29":{"start":{"line":106,"column":16},"end":{"line":106,"column":22},"skip":true},"30":{"start":{"line":108,"column":12},"end":{"line":120,"column":13},"skip":true},"31":{"start":{"line":114,"column":16},"end":{"line":119,"column":17},"skip":true},"32":{"start":{"line":116,"column":20},"end":{"line":116,"column":78},"skip":true},"33":{"start":{"line":118,"column":20},"end":{"line":118,"column":47},"skip":true},"34":{"start":{"line":123,"column":8},"end":{"line":141,"column":11},"skip":true},"35":{"start":{"line":124,"column":12},"end":{"line":124,"column":54},"skip":true},"36":{"start":{"line":125,"column":12},"end":{"line":140,"column":14},"skip":true},"37":{"start":{"line":126,"column":16},"end":{"line":126,"column":28},"skip":true},"38":{"start":{"line":127,"column":16},"end":{"line":127,"column":69},"skip":true},"39":{"start":{"line":128,"column":16},"end":{"line":128,"column":75},"skip":true},"40":{"start":{"line":129,"column":16},"end":{"line":131,"column":17},"skip":true},"41":{"start":{"line":130,"column":20},"end":{"line":130,"column":27},"skip":true},"42":{"start":{"line":133,"column":16},"end":{"line":137,"column":36},"skip":true},"43":{"start":{"line":134,"column":20},"end":{"line":136,"column":55},"skip":true},"44":{"start":{"line":139,"column":16},"end":{"line":139,"column":57},"skip":true},"45":{"start":{"line":143,"column":8},"end":{"line":147,"column":11},"skip":true},"46":{"start":{"line":144,"column":12},"end":{"line":146,"column":15},"skip":true},"47":{"start":{"line":145,"column":16},"end":{"line":145,"column":70},"skip":true},"48":{"start":{"line":149,"column":8},"end":{"line":149,"column":31},"skip":true},"49":{"start":{"line":150,"column":8},"end":{"line":150,"column":14},"skip":true},"50":{"start":{"line":158,"column":8},"end":{"line":158,"column":31},"skip":true},"51":{"start":{"line":160,"column":8},"end":{"line":160,"column":33},"skip":true},"52":{"start":{"line":161,"column":8},"end":{"line":161,"column":37},"skip":true},"53":{"start":{"line":162,"column":8},"end":{"line":162,"column":35},"skip":true},"54":{"start":{"line":164,"column":8},"end":{"line":164,"column":50},"skip":true},"55":{"start":{"line":166,"column":8},"end":{"line":256,"column":2},"skip":true},"56":{"start":{"line":258,"column":8},"end":{"line":286,"column":9},"skip":true},"57":{"start":{"line":259,"column":12},"end":{"line":269,"column":14},"skip":true},"58":{"start":{"line":271,"column":12},"end":{"line":285,"column":19},"skip":true},"59":{"start":{"line":274,"column":20},"end":{"line":274,"column":35},"skip":true},"60":{"start":{"line":275,"column":20},"end":{"line":284,"column":21},"skip":true},"61":{"start":{"line":277,"column":24},"end":{"line":277,"column":64},"skip":true},"62":{"start":{"line":279,"column":24},"end":{"line":279,"column":40},"skip":true},"63":{"start":{"line":281,"column":24},"end":{"line":281,"column":40},"skip":true},"64":{"start":{"line":283,"column":24},"end":{"line":283,"column":39},"skip":true},"65":{"start":{"line":288,"column":8},"end":{"line":290,"column":9},"skip":true},"66":{"start":{"line":289,"column":12},"end":{"line":289,"column":18},"skip":true},"67":{"start":{"line":291,"column":8},"end":{"line":293,"column":54},"skip":true},"68":{"start":{"line":296,"column":8},"end":{"line":301,"column":37},"skip":true},"69":{"start":{"line":303,"column":8},"end":{"line":303,"column":82},"skip":true},"70":{"start":{"line":306,"column":8},"end":{"line":308,"column":9},"skip":true},"71":{"start":{"line":307,"column":12},"end":{"line":307,"column":82},"skip":true},"72":{"start":{"line":310,"column":8},"end":{"line":312,"column":9},"skip":true},"73":{"start":{"line":311,"column":12},"end":{"line":311,"column":18},"skip":true},"74":{"start":{"line":313,"column":8},"end":{"line":313,"column":54},"skip":true},"75":{"start":{"line":314,"column":8},"end":{"line":314,"column":69},"skip":true},"76":{"start":{"line":315,"column":8},"end":{"line":323,"column":36},"skip":true},"77":{"start":{"line":316,"column":12},"end":{"line":316,"column":61},"skip":true},"78":{"start":{"line":317,"column":12},"end":{"line":320,"column":13},"skip":true},"79":{"start":{"line":318,"column":16},"end":{"line":318,"column":75},"skip":true},"80":{"start":{"line":319,"column":16},"end":{"line":319,"column":23},"skip":true},"81":{"start":{"line":321,"column":12},"end":{"line":321,"column":38},"skip":true},"82":{"start":{"line":322,"column":12},"end":{"line":322,"column":27},"skip":true},"83":{"start":{"line":324,"column":8},"end":{"line":324,"column":14},"skip":true}},"branchMap":{"1":{"line":39,"type":"binary-expr","locations":[{"start":{"line":39,"column":23},"end":{"line":39,"column":62}},{"start":{"line":40,"column":20},"end":{"line":40,"column":70}},{"start":{"line":41,"column":20},"end":{"line":41,"column":71}},{"start":{"line":42,"column":20},"end":{"line":42,"column":29}}]},"2":{"line":44,"type":"binary-expr","locations":[{"start":{"line":44,"column":23},"end":{"line":44,"column":37}},{"start":{"line":45,"column":20},"end":{"line":45,"column":61}},{"start":{"line":46,"column":20},"end":{"line":46,"column":70}},{"start":{"line":47,"column":20},"end":{"line":47,"column":26}}]},"3":{"line":51,"type":"cond-expr","locations":[{"start":{"line":52,"column":14},"end":{"line":52,"column":20}},{"start":{"line":53,"column":14},"end":{"line":53,"column":20}}]},"4":{"line":55,"type":"binary-expr","locations":[{"start":{"line":55,"column":16},"end":{"line":55,"column":44}},{"start":{"line":55,"column":49},"end":{"line":57,"column":43}}]},"5":{"line":55,"type":"cond-expr","locations":[{"start":{"line":56,"column":14},"end":{"line":56,"column":49}},{"start":{"line":57,"column":14},"end":{"line":57,"column":43}}]},"6":{"line":61,"type":"switch","locations":[{"start":{"line":68,"column":4},"end":{"line":150,"column":14},"skip":true},{"start":{"line":156,"column":4},"end":{"line":324,"column":14},"skip":true}]},"7":{"line":70,"type":"if","locations":[{"start":{"line":70,"column":12},"end":{"line":70,"column":12},"skip":true},{"start":{"line":70,"column":12},"end":{"line":70,"column":12},"skip":true}]},"8":{"line":70,"type":"binary-expr","locations":[{"start":{"line":70,"column":16},"end":{"line":70,"column":22},"skip":true},{"start":{"line":70,"column":27},"end":{"line":70,"column":32},"skip":true},{"start":{"line":71,"column":20},"end":{"line":71,"column":39},"skip":true},{"start":{"line":72,"column":20},"end":{"line":72,"column":49},"skip":true},{"start":{"line":73,"column":20},"end":{"line":73,"column":58},"skip":true},{"start":{"line":74,"column":20},"end":{"line":74,"column":69},"skip":true}]},"9":{"line":79,"type":"switch","locations":[{"start":{"line":80,"column":20},"end":{"line":80,"column":33},"skip":true},{"start":{"line":81,"column":20},"end":{"line":83,"column":30},"skip":true},{"start":{"line":84,"column":20},"end":{"line":85,"column":49},"skip":true}]},"10":{"line":89,"type":"switch","locations":[{"start":{"line":90,"column":12},"end":{"line":103,"column":22},"skip":true},{"start":{"line":105,"column":12},"end":{"line":106,"column":22},"skip":true}]},"11":{"line":89,"type":"binary-expr","locations":[{"start":{"line":89,"column":20},"end":{"line":89,"column":25},"skip":true},{"start":{"line":89,"column":29},"end":{"line":89,"column":48},"skip":true},{"start":{"line":89,"column":52},"end":{"line":89,"column":74},"skip":true}]},"12":{"line":92,"type":"if","locations":[{"start":{"line":92,"column":16},"end":{"line":92,"column":16},"skip":true},{"start":{"line":92,"column":16},"end":{"line":92,"column":16},"skip":true}]},"13":{"line":108,"type":"if","locations":[{"start":{"line":108,"column":12},"end":{"line":108,"column":12},"skip":true},{"start":{"line":108,"column":12},"end":{"line":108,"column":12},"skip":true}]},"14":{"line":108,"type":"binary-expr","locations":[{"start":{"line":108,"column":16},"end":{"line":108,"column":61},"skip":true},{"start":{"line":108,"column":66},"end":{"line":108,"column":72},"skip":true},{"start":{"line":108,"column":77},"end":{"line":108,"column":82},"skip":true},{"start":{"line":109,"column":20},"end":{"line":109,"column":39},"skip":true},{"start":{"line":110,"column":20},"end":{"line":110,"column":49},"skip":true},{"start":{"line":111,"column":20},"end":{"line":111,"column":58},"skip":true},{"start":{"line":112,"column":20},"end":{"line":112,"column":68},"skip":true}]},"15":{"line":129,"type":"if","locations":[{"start":{"line":129,"column":16},"end":{"line":129,"column":16},"skip":true},{"start":{"line":129,"column":16},"end":{"line":129,"column":16},"skip":true}]},"16":{"line":134,"type":"cond-expr","locations":[{"start":{"line":135,"column":26},"end":{"line":135,"column":29},"skip":true},{"start":{"line":136,"column":26},"end":{"line":136,"column":54},"skip":true}]},"17":{"line":164,"type":"binary-expr","locations":[{"start":{"line":164,"column":27},"end":{"line":164,"column":43},"skip":true},{"start":{"line":164,"column":47},"end":{"line":164,"column":49},"skip":true}]},"18":{"line":258,"type":"if","locations":[{"start":{"line":258,"column":8},"end":{"line":258,"column":8},"skip":true},{"start":{"line":258,"column":8},"end":{"line":258,"column":8},"skip":true}]},"19":{"line":275,"type":"switch","locations":[{"start":{"line":276,"column":20},"end":{"line":277,"column":64},"skip":true},{"start":{"line":278,"column":20},"end":{"line":279,"column":40},"skip":true},{"start":{"line":280,"column":20},"end":{"line":281,"column":40},"skip":true},{"start":{"line":282,"column":20},"end":{"line":283,"column":39},"skip":true}]},"20":{"line":288,"type":"if","locations":[{"start":{"line":288,"column":8},"end":{"line":288,"column":8},"skip":true},{"start":{"line":288,"column":8},"end":{"line":288,"column":8},"skip":true}]},"21":{"line":288,"type":"binary-expr","locations":[{"start":{"line":288,"column":12},"end":{"line":288,"column":40},"skip":true},{"start":{"line":288,"column":44},"end":{"line":288,"column":67},"skip":true}]},"22":{"line":292,"type":"binary-expr","locations":[{"start":{"line":292,"column":12},"end":{"line":292,"column":50},"skip":true},{"start":{"line":293,"column":12},"end":{"line":293,"column":53},"skip":true}]},"23":{"line":297,"type":"binary-expr","locations":[{"start":{"line":297,"column":12},"end":{"line":297,"column":63},"skip":true},{"start":{"line":298,"column":12},"end":{"line":301,"column":36},"skip":true}]},"24":{"line":303,"type":"binary-expr","locations":[{"start":{"line":303,"column":43},"end":{"line":303,"column":75},"skip":true},{"start":{"line":303,"column":79},"end":{"line":303,"column":81},"skip":true}]},"25":{"line":306,"type":"if","locations":[{"start":{"line":306,"column":8},"end":{"line":306,"column":8},"skip":true},{"start":{"line":306,"column":8},"end":{"line":306,"column":8},"skip":true}]},"26":{"line":310,"type":"if","locations":[{"start":{"line":310,"column":8},"end":{"line":310,"column":8},"skip":true},{"start":{"line":310,"column":8},"end":{"line":310,"column":8},"skip":true}]},"27":{"line":313,"type":"binary-expr","locations":[{"start":{"line":313,"column":27},"end":{"line":313,"column":43},"skip":true},{"start":{"line":313,"column":47},"end":{"line":313,"column":53},"skip":true}]},"28":{"line":317,"type":"if","locations":[{"start":{"line":317,"column":12},"end":{"line":317,"column":12},"skip":true},{"start":{"line":317,"column":12},"end":{"line":317,"column":12},"skip":true}]}},"code":["/*","example.js","","quickstart example","","instruction","    1. save this script as example.js","    2. run the shell command:","        $ npm install npmtest-mssql && PORT=8081 node example.js","    3. play with the browser-demo on http://127.0.0.1:8081","*/","","","","/* istanbul instrument in package npmtest_mssql */","/*jslint","    bitwise: true,","    browser: true,","    maxerr: 8,","    maxlen: 96,","    node: true,","    nomen: true,","    regexp: true,","    stupid: true","*/","(function () {","    'use strict';","    var local;","","","","    // run shared js-env code - init-before","    (function () {","        // init local","        local = {};","        // init modeJs","        local.modeJs = (function () {","            try {","                return typeof navigator.userAgent === 'string' &&","                    typeof document.querySelector('body') === 'object' &&","                    typeof XMLHttpRequest.prototype.open === 'function' &&","                    'browser';","            } catch (errorCaughtBrowser) {","                return module.exports &&","                    typeof process.versions.node === 'string' &&","                    typeof require('http').createServer === 'function' &&","                    'node';","            }","        }());","        // init global","        local.global = local.modeJs === 'browser'","            ? window","            : global;","        // init utility2_rollup","        local = local.global.utility2_rollup || (local.modeJs === 'browser'","            ? local.global.utility2_npmtest_mssql","            : global.utility2_moduleExports);","        // export local","        local.global.local = local;","    }());","    switch (local.modeJs) {","","","","    // init-after","    // run browser js-env code - init-after","    /* istanbul ignore next */","    case 'browser':","        local.testRunBrowser = function (event) {","            if (!event || (event &&","                    event.currentTarget &&","                    event.currentTarget.className &&","                    event.currentTarget.className.includes &&","                    event.currentTarget.className.includes('onreset'))) {","                // reset output","                Array.from(","                    document.querySelectorAll('body > .resettable')","                ).forEach(function (element) {","                    switch (element.tagName) {","                    case 'INPUT':","                    case 'TEXTAREA':","                        element.value = '';","                        break;","                    default:","                        element.textContent = '';","                    }","                });","            }","            switch (event && event.currentTarget && event.currentTarget.id) {","            case 'testRunButton1':","                // show tests","                if (document.querySelector('#testReportDiv1').style.display === 'none') {","                    document.querySelector('#testReportDiv1').style.display = 'block';","                    document.querySelector('#testRunButton1').textContent =","                        'hide internal test';","                    local.modeTest = true;","                    local.testRunDefault(local);","                // hide tests","                } else {","                    document.querySelector('#testReportDiv1').style.display = 'none';","                    document.querySelector('#testRunButton1').textContent = 'run internal test';","                }","                break;","            // custom-case","            default:","                break;","            }","            if (document.querySelector('#inputTextareaEval1') && (!event || (event &&","                    event.currentTarget &&","                    event.currentTarget.className &&","                    event.currentTarget.className.includes &&","                    event.currentTarget.className.includes('oneval')))) {","                // try to eval input-code","                try {","                    /*jslint evil: true*/","                    eval(document.querySelector('#inputTextareaEval1').value);","                } catch (errorCaught) {","                    console.error(errorCaught);","                }","            }","        };","        // log stderr and stdout to #outputTextareaStdout1","        ['error', 'log'].forEach(function (key) {","            console[key + '_original'] = console[key];","            console[key] = function () {","                var element;","                console[key + '_original'].apply(console, arguments);","                element = document.querySelector('#outputTextareaStdout1');","                if (!element) {","                    return;","                }","                // append text to #outputTextareaStdout1","                element.value += Array.from(arguments).map(function (arg) {","                    return typeof arg === 'string'","                        ? arg","                        : JSON.stringify(arg, null, 4);","                }).join(' ') + '\\n';","                // scroll textarea to bottom","                element.scrollTop = element.scrollHeight;","            };","        });","        // init event-handling","        ['change', 'click', 'keyup'].forEach(function (event) {","            Array.from(document.querySelectorAll('.on' + event)).forEach(function (element) {","                element.addEventListener(event, local.testRunBrowser);","            });","        });","        // run tests","        local.testRunBrowser();","        break;","","","","    // run node js-env code - init-after","    /* istanbul ignore next */","    case 'node':","        // export local","        module.exports = local;","        // require modules","        local.fs = require('fs');","        local.http = require('http');","        local.url = require('url');","        // init assets","        local.assetsDict = local.assetsDict || {};","        /* jslint-ignore-begin */","        local.assetsDict['/assets.index.template.html'] = '\\","<!doctype html>\\n\\","<html lang=\"en\">\\n\\","<head>\\n\\","<meta charset=\"UTF-8\">\\n\\","<meta name=\"viewport\" content=\"width=device-width, initial-scale=1\">\\n\\","<title>{{env.npm_package_name}} (v{{env.npm_package_version}})</title>\\n\\","<style>\\n\\","/*csslint\\n\\","    box-sizing: false,\\n\\","    universal-selector: false\\n\\","*/\\n\\","* {\\n\\","    box-sizing: border-box;\\n\\","}\\n\\","body {\\n\\","    background: #dde;\\n\\","    font-family: Arial, Helvetica, sans-serif;\\n\\","    margin: 2rem;\\n\\","}\\n\\","body > * {\\n\\","    margin-bottom: 1rem;\\n\\","}\\n\\",".utility2FooterDiv {\\n\\","    margin-top: 20px;\\n\\","    text-align: center;\\n\\","}\\n\\","</style>\\n\\","<style>\\n\\","/*csslint\\n\\","*/\\n\\","textarea {\\n\\","    font-family: monospace;\\n\\","    height: 10rem;\\n\\","    width: 100%;\\n\\","}\\n\\","textarea[readonly] {\\n\\","    background: #ddd;\\n\\","}\\n\\","</style>\\n\\","</head>\\n\\","<body>\\n\\","<!-- utility2-comment\\n\\","<div id=\"ajaxProgressDiv1\" style=\"background: #d00; height: 2px; left: 0; margin: 0; padding: 0; position: fixed; top: 0; transition: background 0.5s, width 1.5s; width: 25%;\"></div>\\n\\","utility2-comment -->\\n\\","<h1>\\n\\","<!-- utility2-comment\\n\\","    <a\\n\\","        {{#if env.npm_package_homepage}}\\n\\","        href=\"{{env.npm_package_homepage}}\"\\n\\","        {{/if env.npm_package_homepage}}\\n\\","        target=\"_blank\"\\n\\","    >\\n\\","utility2-comment -->\\n\\","        {{env.npm_package_name}} (v{{env.npm_package_version}})\\n\\","<!-- utility2-comment\\n\\","    </a>\\n\\","utility2-comment -->\\n\\","</h1>\\n\\","<h3>{{env.npm_package_description}}</h3>\\n\\","<!-- utility2-comment\\n\\","<h4><a download href=\"assets.app.js\">download standalone app</a></h4>\\n\\","<button class=\"onclick onreset\" id=\"testRunButton1\">run internal test</button><br>\\n\\","<div id=\"testReportDiv1\" style=\"display: none;\"></div>\\n\\","utility2-comment -->\\n\\","\\n\\","\\n\\","\\n\\","<label>stderr and stdout</label>\\n\\","<textarea class=\"resettable\" id=\"outputTextareaStdout1\" readonly></textarea>\\n\\","<!-- utility2-comment\\n\\","{{#if isRollup}}\\n\\","<script src=\"assets.app.js\"></script>\\n\\","{{#unless isRollup}}\\n\\","utility2-comment -->\\n\\","<script src=\"assets.utility2.rollup.js\"></script>\\n\\","<script src=\"jsonp.utility2._stateInit?callback=window.utility2._stateInit\"></script>\\n\\","<script src=\"assets.npmtest_mssql.rollup.js\"></script>\\n\\","<script src=\"assets.example.js\"></script>\\n\\","<script src=\"assets.test.js\"></script>\\n\\","<!-- utility2-comment\\n\\","{{/if isRollup}}\\n\\","utility2-comment -->\\n\\","<div class=\"utility2FooterDiv\">\\n\\","    [ this app was created with\\n\\","    <a href=\"https://github.com/kaizhu256/node-utility2\" target=\"_blank\">utility2</a>\\n\\","    ]\\n\\","</div>\\n\\","</body>\\n\\","</html>\\n\\","';","        /* jslint-ignore-end */","        if (local.templateRender) {","            local.assetsDict['/'] = local.templateRender(","                local.assetsDict['/assets.index.template.html'],","                {","                    env: local.objectSetDefault(local.env, {","                        npm_package_description: 'the greatest app in the world!',","                        npm_package_name: 'my-app',","                        npm_package_nameAlias: 'my_app',","                        npm_package_version: '0.0.1'","                    })","                }","            );","        } else {","            local.assetsDict['/'] = local.assetsDict['/assets.index.template.html']","                .replace((/\\{\\{env\\.(\\w+?)\\}\\}/g), function (match0, match1) {","                    // jslint-hack","                    String(match0);","                    switch (match1) {","                    case 'npm_package_description':","                        return 'the greatest app in the world!';","                    case 'npm_package_name':","                        return 'my-app';","                    case 'npm_package_nameAlias':","                        return 'my_app';","                    case 'npm_package_version':","                        return '0.0.1';","                    }","                });","        }","        // run the cli","        if (local.global.utility2_rollup || module !== require.main) {","            break;","        }","        local.assetsDict['/assets.example.js'] =","            local.assetsDict['/assets.example.js'] ||","            local.fs.readFileSync(__filename, 'utf8');","        // bug-workaround - long $npm_package_buildCustomOrg","        /* jslint-ignore-begin */","        local.assetsDict['/assets.npmtest_mssql.rollup.js'] =","            local.assetsDict['/assets.npmtest_mssql.rollup.js'] ||","            local.fs.readFileSync(","                local.npmtest_mssql.__dirname + '/lib.npmtest_mssql.js',","                'utf8'","            ).replace((/^#!/), '//');","        /* jslint-ignore-end */","        local.assetsDict['/favicon.ico'] = local.assetsDict['/favicon.ico'] || '';","        // if $npm_config_timeout_exit exists,","        // then exit this process after $npm_config_timeout_exit ms","        if (Number(process.env.npm_config_timeout_exit)) {","            setTimeout(process.exit, Number(process.env.npm_config_timeout_exit));","        }","        // start server","        if (local.global.utility2_serverHttp1) {","            break;","        }","        process.env.PORT = process.env.PORT || '8081';","        console.error('server starting on port ' + process.env.PORT);","        local.http.createServer(function (request, response) {","            request.urlParsed = local.url.parse(request.url);","            if (local.assetsDict[request.urlParsed.pathname] !== undefined) {","                response.end(local.assetsDict[request.urlParsed.pathname]);","                return;","            }","            response.statusCode = 404;","            response.end();","        }).listen(process.env.PORT);","        break;","    }","}());",""],"l":{"26":2,"28":2,"33":2,"35":2,"37":2,"38":2,"39":2,"44":1,"51":2,"55":2,"59":2,"61":2,"69":1,"70":2,"76":2,"79":2,"82":2,"83":2,"85":1,"89":2,"92":1,"93":1,"94":1,"96":1,"97":1,"100":1,"101":1,"103":1,"106":1,"108":2,"114":1,"116":1,"118":1,"123":1,"124":2,"125":2,"126":3,"127":3,"128":3,"129":3,"130":1,"133":3,"134":3,"139":3,"143":1,"144":3,"145":1,"149":1,"150":1,"158":1,"160":1,"161":1,"162":1,"164":1,"166":1,"258":1,"259":1,"271":1,"274":6,"275":6,"277":1,"279":2,"281":1,"283":2,"288":1,"289":1,"291":1,"296":1,"303":1,"306":1,"307":1,"310":1,"311":1,"313":1,"314":1,"315":1,"316":1,"317":1,"318":1,"319":1,"321":1,"322":1,"324":1}},"/home/travis/build/npmtest/node-npmtest-mssql/node_modules/mssql/index.js":{"path":"/home/travis/build/npmtest/node-npmtest-mssql/node_modules/mssql/index.js","s":{"1":1},"b":{},"f":{},"fnMap":{},"statementMap":{"1":{"start":{"line":1,"column":0},"end":{"line":1,"column":44}}},"branchMap":{},"code":["module.exports = require('./lib/tedious.js')",""],"l":{"1":1}},"/home/travis/build/npmtest/node-npmtest-mssql/node_modules/mssql/lib/tedious.js":{"path":"/home/travis/build/npmtest/node-npmtest-mssql/node_modules/mssql/lib/tedious.js","s":{"1":1,"2":1,"3":1,"4":1,"5":1,"6":1,"7":1,"8":1,"9":1,"10":1,"11":1,"12":1,"13":0,"14":0,"15":0,"16":0,"17":0,"18":0,"19":0,"20":0,"21":0,"22":0,"23":0,"24":0,"25":0,"26":0,"27":0,"28":0,"29":0,"30":0,"31":0,"32":0,"33":0,"34":0,"35":0,"36":0,"37":0,"38":0,"39":0,"40":0,"41":0,"42":0,"43":0,"44":0,"45":0,"46":1,"47":0,"48":0,"49":0,"50":0,"51":0,"52":0,"53":0,"54":0,"55":0,"56":0,"57":0,"58":0,"59":0,"60":0,"61":0,"62":0,"63":0,"64":0,"65":0,"66":0,"67":0,"68":0,"69":0,"70":0,"71":0,"72":0,"73":0,"74":0,"75":0,"76":0,"77":0,"78":0,"79":0,"80":0,"81":0,"82":0,"83":0,"84":0,"85":0,"86":0,"87":0,"88":0,"89":0,"90":0,"91":0,"92":0,"93":0,"94":0,"95":1,"96":0,"97":0,"98":0,"99":0,"100":0,"101":0,"102":0,"103":0,"104":0,"105":1,"106":0,"107":0,"108":0,"109":0,"110":0,"111":1,"112":0,"113":0,"114":0,"115":0,"116":0,"117":0,"118":0,"119":0,"120":0,"121":0,"122":0,"123":0,"124":0,"125":0,"126":0,"127":0,"128":0,"129":0,"130":0,"131":0,"132":0,"133":0,"134":0,"135":0,"136":0,"137":0,"138":0,"139":0,"140":0,"141":0,"142":0,"143":0,"144":0,"145":0,"146":0,"147":0,"148":0,"149":0,"150":0,"151":0,"152":0,"153":0,"154":0,"155":0,"156":0,"157":0,"158":0,"159":0,"160":0,"161":0,"162":0,"163":0,"164":0,"165":0,"166":0,"167":0,"168":0,"169":0,"170":0,"171":0,"172":0,"173":0,"174":0,"175":0,"176":0,"177":0,"178":0,"179":0,"180":0,"181":0,"182":0,"183":0,"184":0,"185":0,"186":0,"187":0,"188":0,"189":0,"190":0,"191":0,"192":0,"193":0,"194":0,"195":0,"196":0,"197":0,"198":0,"199":0,"200":0,"201":0,"202":0,"203":0,"204":0,"205":0,"206":0,"207":0,"208":0,"209":0,"210":0,"211":0,"212":0,"213":0,"214":0,"215":0,"216":0,"217":0,"218":0,"219":0,"220":0,"221":0,"222":0,"223":0,"224":0,"225":0,"226":0,"227":0,"228":0,"229":0,"230":0,"231":0,"232":0,"233":0,"234":0,"235":0,"236":0,"237":0,"238":0,"239":0,"240":0,"241":0,"242":0,"243":0,"244":0,"245":0,"246":0,"247":0,"248":0,"249":0,"250":0,"251":0,"252":0,"253":0,"254":0,"255":0,"256":0,"257":0,"258":0,"259":0,"260":0,"261":0,"262":0,"263":0,"264":0,"265":0,"266":0,"267":0,"268":0,"269":0,"270":0,"271":0,"272":0,"273":0,"274":0,"275":0,"276":0,"277":0,"278":0,"279":0,"280":0,"281":0,"282":0,"283":0,"284":0,"285":0,"286":0,"287":0,"288":0,"289":0,"290":0,"291":0,"292":0,"293":0,"294":0,"295":0,"296":0,"297":0,"298":0,"299":0,"300":0,"301":0,"302":0,"303":0,"304":0,"305":0,"306":0,"307":0,"308":0,"309":0,"310":0,"311":0,"312":0,"313":0,"314":0,"315":0,"316":0,"317":0,"318":0,"319":0,"320":0,"321":0,"322":0,"323":0,"324":0,"325":0,"326":0,"327":0,"328":0,"329":0,"330":0,"331":0,"332":0,"333":0,"334":0,"335":0,"336":0,"337":0,"338":0,"339":0,"340":0,"341":0,"342":0,"343":0,"344":0,"345":0,"346":0,"347":0,"348":0,"349":0,"350":0,"351":0,"352":0,"353":0,"354":0,"355":0,"356":0,"357":0,"358":0,"359":0,"360":0,"361":0,"362":0,"363":0,"364":0,"365":0,"366":0,"367":0,"368":0,"369":0,"370":0,"371":0,"372":0,"373":0,"374":0,"375":0,"376":0,"377":0,"378":0,"379":0,"380":0,"381":0,"382":0,"383":0,"384":0,"385":0,"386":0,"387":0,"388":0,"389":0,"390":0,"391":0,"392":0,"393":0,"394":0,"395":0,"396":0,"397":0,"398":0,"399":0,"400":0,"401":0,"402":0,"403":0,"404":0,"405":0,"406":0,"407":0,"408":0,"409":0,"410":0,"411":0,"412":0,"413":0,"414":0,"415":0,"416":0,"417":0,"418":0,"419":0,"420":0,"421":0,"422":0,"423":0,"424":0,"425":0,"426":0,"427":0,"428":0,"429":0,"430":0,"431":0,"432":0,"433":0,"434":0,"435":0,"436":0,"437":0,"438":0,"439":0,"440":0,"441":0,"442":0,"443":0,"444":0,"445":0,"446":0,"447":0,"448":0,"449":0,"450":0,"451":0,"452":0,"453":0,"454":0,"455":0,"456":0,"457":0,"458":0,"459":0,"460":0,"461":0,"462":0,"463":0,"464":0,"465":0,"466":0,"467":0,"468":0,"469":0,"470":0,"471":0,"472":0,"473":0,"474":0,"475":0,"476":0,"477":0,"478":0,"479":0,"480":0,"481":0,"482":0,"483":0,"484":0,"485":0,"486":0,"487":0,"488":0,"489":0,"490":0,"491":0,"492":0,"493":0,"494":0,"495":0,"496":0,"497":0,"498":0,"499":0,"500":0,"501":0,"502":0,"503":0,"504":0,"505":0,"506":0,"507":0,"508":0,"509":0,"510":0,"511":0,"512":0,"513":0,"514":0,"515":0,"516":0,"517":0,"518":0,"519":0,"520":0,"521":0,"522":0,"523":0,"524":0,"525":0,"526":0,"527":0,"528":0,"529":0,"530":0,"531":0,"532":0,"533":0,"534":0,"535":0,"536":0,"537":0,"538":0,"539":0,"540":0,"541":0,"542":0,"543":0,"544":0,"545":0,"546":0,"547":0,"548":0,"549":0,"550":0,"551":0,"552":0,"553":0,"554":0,"555":0,"556":0,"557":0,"558":0,"559":0,"560":0,"561":0,"562":0,"563":0,"564":0,"565":0,"566":0,"567":0,"568":0,"569":0,"570":0,"571":0,"572":0,"573":0,"574":0,"575":0,"576":0,"577":0,"578":0,"579":0,"580":1,"581":1,"582":4,"583":0,"584":1,"585":1,"586":1,"587":1},"b":{"1":[0,0,0,0,0,0,0,0,0,0,0,0,0,0,0,0,0,0,0,0,0,0,0,0,0,0,0,0,0,0,0,0,0,0],"2":[0,0,0,0,0,0,0,0,0,0,0,0,0,0,0,0,0,0,0,0,0,0,0,0,0,0,0,0,0,0,0,0,0,0,0,0,0,0],"3":[0,0],"4":[0,0],"5":[0,0],"6":[0,0],"7":[0,0],"8":[0,0],"9":[0,0],"10":[0,0],"11":[0,0],"12":[0,0],"13":[0,0],"14":[0,0],"15":[0,0,0],"16":[0,0],"17":[0,0],"18":[0,0],"19":[0,0],"20":[0,0],"21":[0,0],"22":[0,0],"23":[0,0],"24":[0,0],"25":[0,0],"26":[0,0],"27":[0,0],"28":[0,0],"29":[0,0],"30":[0,0],"31":[0,0],"32":[0,0],"33":[0,0],"34":[0,0],"35":[0,0],"36":[0,0],"37":[0,0],"38":[0,0],"39":[0,0],"40":[0,0],"41":[0,0],"42":[0,0],"43":[0,0],"44":[0,0],"45":[0,0],"46":[0,0],"47":[0,0],"48":[0,0,0,0],"49":[0,0],"50":[0,0],"51":[0,0],"52":[0,0],"53":[0,0],"54":[0,0],"55":[0,0],"56":[0,0],"57":[0,0],"58":[0,0],"59":[0,0],"60":[0,0],"61":[0,0],"62":[0,0],"63":[0,0],"64":[0,0],"65":[0,0,0,0],"66":[0,0],"67":[0,0],"68":[0,0],"69":[0,0],"70":[0,0],"71":[0,0],"72":[0,0],"73":[0,0],"74":[0,0],"75":[0,0],"76":[0,0],"77":[0,0,0],"78":[0,0],"79":[0,0],"80":[0,0],"81":[0,0],"82":[0,0],"83":[0,0],"84":[0,0],"85":[0,0],"86":[0,0],"87":[0,0],"88":[0,0],"89":[0,0],"90":[0,0],"91":[0,0],"92":[0,0],"93":[0,0],"94":[0,0],"95":[0,0],"96":[0,0],"97":[0,0],"98":[0,0],"99":[0,0],"100":[0,0],"101":[0,0],"102":[0,0],"103":[0,0],"104":[0,0],"105":[0,0],"106":[0,0],"107":[0,0],"108":[0,0],"109":[0,0],"110":[0,0],"111":[0,0],"112":[0,0,0,0],"113":[0,0],"114":[0,0],"115":[0,0],"116":[0,0],"117":[0,0],"118":[0,0],"119":[0,0],"120":[0,0,0],"121":[0,0],"122":[0,0],"123":[0,0],"124":[0,0],"125":[0,0],"126":[0,0],"127":[0,0],"128":[0,0],"129":[0,0],"130":[0,0],"131":[0,0],"132":[0,0],"133":[0,0],"134":[0,0],"135":[0,0],"136":[0,0]},"f":{"1":0,"2":0,"3":0,"4":0,"5":0,"6":0,"7":0,"8":0,"9":0,"10":0,"11":0,"12":0,"13":0,"14":0,"15":0,"16":0,"17":0,"18":0},"fnMap":{"1":{"name":"(anonymous_1)","line":17,"loc":{"start":{"line":17,"column":23},"end":{"line":17,"column":39}}},"2":{"name":"(anonymous_2)","line":54,"loc":{"start":{"line":54,"column":21},"end":{"line":54,"column":45}}},"3":{"name":"(anonymous_3)","line":104,"loc":{"start":{"line":104,"column":22},"end":{"line":104,"column":42}}},"4":{"name":"(anonymous_4)","line":138,"loc":{"start":{"line":138,"column":24},"end":{"line":138,"column":51}}},"5":{"name":"(anonymous_5)","line":150,"loc":{"start":{"line":150,"column":28},"end":{"line":150,"column":45}}},"6":{"name":"(anonymous_6)","line":176,"loc":{"start":{"line":176,"column":14},"end":{"line":176,"column":17}}},"7":{"name":"(anonymous_7)","line":238,"loc":{"start":{"line":238,"column":16},"end":{"line":238,"column":26}}},"8":{"name":"(anonymous_8)","line":244,"loc":{"start":{"line":244,"column":15},"end":{"line":244,"column":25}}},"9":{"name":"(anonymous_9)","line":256,"loc":{"start":{"line":256,"column":14},"end":{"line":256,"column":23}}},"10":{"name":"(anonymous_10)","line":278,"loc":{"start":{"line":278,"column":9},"end":{"line":278,"column":36}}},"11":{"name":"(anonymous_11)","line":302,"loc":{"start":{"line":302,"column":10},"end":{"line":302,"column":21}}},"12":{"name":"(anonymous_12)","line":323,"loc":{"start":{"line":323,"column":12},"end":{"line":323,"column":23}}},"13":{"name":"(anonymous_13)","line":350,"loc":{"start":{"line":350,"column":9},"end":{"line":350,"column":27}}},"14":{"name":"(anonymous_14)","line":359,"loc":{"start":{"line":359,"column":8},"end":{"line":359,"column":26}}},"15":{"name":"(anonymous_15)","line":496,"loc":{"start":{"line":496,"column":9},"end":{"line":496,"column":29}}},"16":{"name":"(anonymous_16)","line":690,"loc":{"start":{"line":690,"column":20},"end":{"line":690,"column":23}}},"17":{"name":"(anonymous_17)","line":806,"loc":{"start":{"line":806,"column":11},"end":{"line":806,"column":33}}},"18":{"name":"(anonymous_18)","line":995,"loc":{"start":{"line":995,"column":20},"end":{"line":995,"column":23}}}},"statementMap":{"1":{"start":{"line":3,"column":0},"end":{"line":3,"column":30}},"2":{"start":{"line":4,"column":0},"end":{"line":4,"column":47}},"3":{"start":{"line":6,"column":0},"end":{"line":6,"column":30}},"4":{"start":{"line":7,"column":0},"end":{"line":7,"column":42}},"5":{"start":{"line":8,"column":0},"end":{"line":8,"column":46}},"6":{"start":{"line":9,"column":0},"end":{"line":9,"column":40}},"7":{"start":{"line":10,"column":0},"end":{"line":10,"column":56}},"8":{"start":{"line":11,"column":0},"end":{"line":11,"column":36}},"9":{"start":{"line":12,"column":0},"end":{"line":12,"column":32}},"10":{"start":{"line":14,"column":0},"end":{"line":14,"column":66}},"11":{"start":{"line":15,"column":0},"end":{"line":15,"column":64}},"12":{"start":{"line":17,"column":0},"end":{"line":52,"column":1}},"13":{"start":{"line":18,"column":2},"end":{"line":51,"column":3}},"14":{"start":{"line":19,"column":24},"end":{"line":19,"column":48}},"15":{"start":{"line":20,"column":25},"end":{"line":20,"column":50}},"16":{"start":{"line":21,"column":21},"end":{"line":21,"column":42}},"17":{"start":{"line":22,"column":20},"end":{"line":22,"column":40}},"18":{"start":{"line":23,"column":23},"end":{"line":23,"column":46}},"19":{"start":{"line":24,"column":24},"end":{"line":24,"column":48}},"20":{"start":{"line":25,"column":25},"end":{"line":25,"column":50}},"21":{"start":{"line":26,"column":20},"end":{"line":26,"column":40}},"22":{"start":{"line":27,"column":22},"end":{"line":27,"column":44}},"23":{"start":{"line":28,"column":24},"end":{"line":28,"column":48}},"24":{"start":{"line":29,"column":24},"end":{"line":29,"column":48}},"25":{"start":{"line":30,"column":21},"end":{"line":30,"column":42}},"26":{"start":{"line":31,"column":22},"end":{"line":31,"column":44}},"27":{"start":{"line":32,"column":27},"end":{"line":32,"column":54}},"28":{"start":{"line":33,"column":21},"end":{"line":33,"column":43}},"29":{"start":{"line":34,"column":21},"end":{"line":34,"column":43}},"30":{"start":{"line":35,"column":25},"end":{"line":35,"column":50}},"31":{"start":{"line":36,"column":26},"end":{"line":36,"column":53}},"32":{"start":{"line":37,"column":31},"end":{"line":37,"column":63}},"33":{"start":{"line":38,"column":30},"end":{"line":38,"column":60}},"34":{"start":{"line":39,"column":33},"end":{"line":39,"column":67}},"35":{"start":{"line":40,"column":20},"end":{"line":40,"column":45}},"36":{"start":{"line":41,"column":21},"end":{"line":41,"column":42}},"37":{"start":{"line":42,"column":22},"end":{"line":42,"column":44}},"38":{"start":{"line":43,"column":22},"end":{"line":43,"column":47}},"39":{"start":{"line":44,"column":22},"end":{"line":44,"column":44}},"40":{"start":{"line":45,"column":23},"end":{"line":45,"column":46}},"41":{"start":{"line":46,"column":26},"end":{"line":46,"column":52}},"42":{"start":{"line":47,"column":63},"end":{"line":47,"column":83}},"43":{"start":{"line":48,"column":20},"end":{"line":48,"column":40}},"44":{"start":{"line":49,"column":24},"end":{"line":49,"column":48}},"45":{"start":{"line":50,"column":13},"end":{"line":50,"column":24}},"46":{"start":{"line":54,"column":0},"end":{"line":102,"column":1}},"47":{"start":{"line":55,"column":2},"end":{"line":101,"column":3}},"48":{"start":{"line":56,"column":25},"end":{"line":56,"column":42}},"49":{"start":{"line":57,"column":26},"end":{"line":57,"column":44}},"50":{"start":{"line":58,"column":28},"end":{"line":58,"column":48}},"51":{"start":{"line":59,"column":29},"end":{"line":59,"column":50}},"52":{"start":{"line":60,"column":25},"end":{"line":60,"column":42}},"53":{"start":{"line":61,"column":26},"end":{"line":61,"column":44}},"54":{"start":{"line":62,"column":24},"end":{"line":62,"column":40}},"55":{"start":{"line":64,"column":6},"end":{"line":64,"column":43}},"56":{"start":{"line":64,"column":24},"end":{"line":64,"column":43}},"57":{"start":{"line":65,"column":6},"end":{"line":65,"column":40}},"58":{"start":{"line":65,"column":24},"end":{"line":65,"column":40}},"59":{"start":{"line":66,"column":6},"end":{"line":66,"column":45}},"60":{"start":{"line":66,"column":24},"end":{"line":66,"column":45}},"61":{"start":{"line":67,"column":6},"end":{"line":67,"column":26}},"62":{"start":{"line":68,"column":27},"end":{"line":68,"column":46}},"63":{"start":{"line":69,"column":28},"end":{"line":69,"column":48}},"64":{"start":{"line":70,"column":29},"end":{"line":70,"column":50}},"65":{"start":{"line":71,"column":45},"end":{"line":71,"column":61}},"66":{"start":{"line":72,"column":26},"end":{"line":72,"column":44}},"67":{"start":{"line":74,"column":6},"end":{"line":74,"column":42}},"68":{"start":{"line":74,"column":24},"end":{"line":74,"column":42}},"69":{"start":{"line":75,"column":6},"end":{"line":75,"column":23}},"70":{"start":{"line":76,"column":25},"end":{"line":76,"column":42}},"71":{"start":{"line":77,"column":26},"end":{"line":77,"column":44}},"72":{"start":{"line":79,"column":6},"end":{"line":79,"column":42}},"73":{"start":{"line":79,"column":24},"end":{"line":79,"column":42}},"74":{"start":{"line":80,"column":6},"end":{"line":80,"column":29}},"75":{"start":{"line":81,"column":31},"end":{"line":81,"column":54}},"76":{"start":{"line":82,"column":53},"end":{"line":82,"column":73}},"77":{"start":{"line":83,"column":53},"end":{"line":83,"column":73}},"78":{"start":{"line":84,"column":29},"end":{"line":84,"column":50}},"79":{"start":{"line":86,"column":6},"end":{"line":86,"column":45}},"80":{"start":{"line":86,"column":24},"end":{"line":86,"column":45}},"81":{"start":{"line":87,"column":6},"end":{"line":87,"column":32}},"82":{"start":{"line":88,"column":26},"end":{"line":88,"column":43}},"83":{"start":{"line":89,"column":26},"end":{"line":89,"column":43}},"84":{"start":{"line":90,"column":31},"end":{"line":90,"column":53}},"85":{"start":{"line":91,"column":36},"end":{"line":91,"column":63}},"86":{"start":{"line":92,"column":34},"end":{"line":92,"column":60}},"87":{"start":{"line":93,"column":38},"end":{"line":93,"column":67}},"88":{"start":{"line":94,"column":26},"end":{"line":94,"column":44}},"89":{"start":{"line":95,"column":27},"end":{"line":95,"column":46}},"90":{"start":{"line":96,"column":30},"end":{"line":96,"column":52}},"91":{"start":{"line":97,"column":24},"end":{"line":97,"column":40}},"92":{"start":{"line":98,"column":24},"end":{"line":98,"column":40}},"93":{"start":{"line":99,"column":24},"end":{"line":99,"column":40}},"94":{"start":{"line":100,"column":28},"end":{"line":100,"column":48}},"95":{"start":{"line":104,"column":0},"end":{"line":136,"column":1}},"96":{"start":{"line":105,"column":2},"end":{"line":105,"column":14}},"97":{"start":{"line":106,"column":2},"end":{"line":133,"column":3}},"98":{"start":{"line":107,"column":4},"end":{"line":107,"column":32}},"99":{"start":{"line":108,"column":4},"end":{"line":119,"column":5}},"100":{"start":{"line":121,"column":4},"end":{"line":132,"column":5}},"101":{"start":{"line":122,"column":6},"end":{"line":127,"column":7}},"102":{"start":{"line":129,"column":6},"end":{"line":131,"column":7}},"103":{"start":{"line":130,"column":8},"end":{"line":130,"column":72}},"104":{"start":{"line":135,"column":2},"end":{"line":135,"column":12}},"105":{"start":{"line":138,"column":0},"end":{"line":148,"column":1}},"106":{"start":{"line":139,"column":2},"end":{"line":147,"column":3}},"107":{"start":{"line":140,"column":4},"end":{"line":144,"column":5}},"108":{"start":{"line":141,"column":6},"end":{"line":141,"column":50}},"109":{"start":{"line":143,"column":6},"end":{"line":143,"column":18}},"110":{"start":{"line":146,"column":4},"end":{"line":146,"column":16}},"111":{"start":{"line":150,"column":0},"end":{"line":173,"column":1}},"112":{"start":{"line":151,"column":2},"end":{"line":172,"column":3}},"113":{"start":{"line":152,"column":4},"end":{"line":157,"column":5}},"114":{"start":{"line":159,"column":4},"end":{"line":167,"column":5}},"115":{"start":{"line":160,"column":6},"end":{"line":166,"column":8}},"116":{"start":{"line":169,"column":4},"end":{"line":169,"column":14}},"117":{"start":{"line":171,"column":4},"end":{"line":171,"column":16}},"118":{"start":{"line":177,"column":4},"end":{"line":235,"column":6}},"119":{"start":{"line":178,"column":6},"end":{"line":184,"column":7}},"120":{"start":{"line":186,"column":6},"end":{"line":186,"column":49}},"121":{"start":{"line":187,"column":6},"end":{"line":187,"column":41}},"122":{"start":{"line":188,"column":6},"end":{"line":188,"column":96}},"123":{"start":{"line":189,"column":6},"end":{"line":189,"column":106}},"124":{"start":{"line":190,"column":6},"end":{"line":190,"column":62}},"125":{"start":{"line":191,"column":6},"end":{"line":191,"column":45}},"126":{"start":{"line":192,"column":6},"end":{"line":192,"column":58}},"127":{"start":{"line":193,"column":6},"end":{"line":193,"column":40}},"128":{"start":{"line":194,"column":6},"end":{"line":194,"column":63}},"129":{"start":{"line":197,"column":6},"end":{"line":197,"column":59}},"130":{"start":{"line":197,"column":36},"end":{"line":197,"column":59}},"131":{"start":{"line":199,"column":6},"end":{"line":199,"column":79}},"132":{"start":{"line":199,"column":45},"end":{"line":199,"column":79}},"133":{"start":{"line":200,"column":6},"end":{"line":200,"column":81}},"134":{"start":{"line":200,"column":51},"end":{"line":200,"column":81}},"135":{"start":{"line":201,"column":6},"end":{"line":201,"column":72}},"136":{"start":{"line":201,"column":42},"end":{"line":201,"column":72}},"137":{"start":{"line":203,"column":6},"end":{"line":210,"column":7}},"138":{"start":{"line":204,"column":8},"end":{"line":209,"column":9}},"139":{"start":{"line":212,"column":6},"end":{"line":212,"column":45}},"140":{"start":{"line":214,"column":6},"end":{"line":221,"column":8}},"141":{"start":{"line":215,"column":8},"end":{"line":218,"column":9}},"142":{"start":{"line":216,"column":10},"end":{"line":216,"column":45}},"143":{"start":{"line":217,"column":10},"end":{"line":217,"column":28}},"144":{"start":{"line":220,"column":8},"end":{"line":220,"column":24}},"145":{"start":{"line":223,"column":6},"end":{"line":230,"column":8}},"146":{"start":{"line":224,"column":8},"end":{"line":227,"column":9}},"147":{"start":{"line":225,"column":10},"end":{"line":225,"column":33}},"148":{"start":{"line":226,"column":10},"end":{"line":226,"column":16}},"149":{"start":{"line":229,"column":8},"end":{"line":229,"column":31}},"150":{"start":{"line":232,"column":6},"end":{"line":234,"column":7}},"151":{"start":{"line":233,"column":8},"end":{"line":233,"column":67}},"152":{"start":{"line":239,"column":4},"end":{"line":241,"column":6}},"153":{"start":{"line":240,"column":6},"end":{"line":240,"column":51}},"154":{"start":{"line":245,"column":4},"end":{"line":251,"column":6}},"155":{"start":{"line":246,"column":6},"end":{"line":248,"column":8}},"156":{"start":{"line":247,"column":8},"end":{"line":247,"column":17}},"157":{"start":{"line":250,"column":6},"end":{"line":250,"column":21}},"158":{"start":{"line":257,"column":4},"end":{"line":257,"column":17}},"159":{"start":{"line":259,"column":4},"end":{"line":275,"column":5}},"160":{"start":{"line":260,"column":6},"end":{"line":274,"column":7}},"161":{"start":{"line":263,"column":8},"end":{"line":263,"column":43}},"162":{"start":{"line":266,"column":8},"end":{"line":266,"column":63}},"163":{"start":{"line":268,"column":8},"end":{"line":268,"column":83}},"164":{"start":{"line":269,"column":8},"end":{"line":269,"column":39}},"165":{"start":{"line":270,"column":8},"end":{"line":270,"column":35}},"166":{"start":{"line":271,"column":8},"end":{"line":271,"column":28}},"167":{"start":{"line":273,"column":8},"end":{"line":273,"column":35}},"168":{"start":{"line":279,"column":4},"end":{"line":299,"column":6}},"169":{"start":{"line":280,"column":6},"end":{"line":280,"column":35}},"170":{"start":{"line":280,"column":15},"end":{"line":280,"column":35}},"171":{"start":{"line":282,"column":6},"end":{"line":282,"column":26}},"172":{"start":{"line":284,"column":6},"end":{"line":298,"column":8}},"173":{"start":{"line":285,"column":8},"end":{"line":285,"column":37}},"174":{"start":{"line":285,"column":17},"end":{"line":285,"column":37}},"175":{"start":{"line":287,"column":8},"end":{"line":287,"column":45}},"176":{"start":{"line":288,"column":8},"end":{"line":288,"column":71}},"177":{"start":{"line":289,"column":8},"end":{"line":289,"column":37}},"178":{"start":{"line":291,"column":8},"end":{"line":297,"column":42}},"179":{"start":{"line":292,"column":10},"end":{"line":292,"column":55}},"180":{"start":{"line":292,"column":19},"end":{"line":292,"column":55}},"181":{"start":{"line":294,"column":10},"end":{"line":294,"column":33}},"182":{"start":{"line":296,"column":10},"end":{"line":296,"column":23}},"183":{"start":{"line":303,"column":4},"end":{"line":320,"column":6}},"184":{"start":{"line":304,"column":6},"end":{"line":304,"column":35}},"185":{"start":{"line":304,"column":15},"end":{"line":304,"column":35}},"186":{"start":{"line":306,"column":6},"end":{"line":306,"column":27}},"187":{"start":{"line":308,"column":6},"end":{"line":319,"column":8}},"188":{"start":{"line":309,"column":8},"end":{"line":309,"column":53}},"189":{"start":{"line":309,"column":17},"end":{"line":309,"column":53}},"190":{"start":{"line":311,"column":8},"end":{"line":311,"column":83}},"191":{"start":{"line":312,"column":8},"end":{"line":312,"column":53}},"192":{"start":{"line":313,"column":8},"end":{"line":313,"column":39}},"193":{"start":{"line":314,"column":8},"end":{"line":314,"column":35}},"194":{"start":{"line":316,"column":8},"end":{"line":316,"column":42}},"195":{"start":{"line":316,"column":18},"end":{"line":316,"column":42}},"196":{"start":{"line":318,"column":8},"end":{"line":318,"column":21}},"197":{"start":{"line":324,"column":4},"end":{"line":341,"column":6}},"198":{"start":{"line":325,"column":6},"end":{"line":325,"column":35}},"199":{"start":{"line":325,"column":15},"end":{"line":325,"column":35}},"200":{"start":{"line":327,"column":6},"end":{"line":327,"column":29}},"201":{"start":{"line":329,"column":6},"end":{"line":340,"column":8}},"202":{"start":{"line":330,"column":8},"end":{"line":330,"column":53}},"203":{"start":{"line":330,"column":17},"end":{"line":330,"column":53}},"204":{"start":{"line":332,"column":8},"end":{"line":332,"column":83}},"205":{"start":{"line":333,"column":8},"end":{"line":333,"column":53}},"206":{"start":{"line":334,"column":8},"end":{"line":334,"column":39}},"207":{"start":{"line":335,"column":8},"end":{"line":335,"column":35}},"208":{"start":{"line":337,"column":8},"end":{"line":337,"column":44}},"209":{"start":{"line":337,"column":18},"end":{"line":337,"column":44}},"210":{"start":{"line":339,"column":8},"end":{"line":339,"column":21}},"211":{"start":{"line":351,"column":4},"end":{"line":351,"column":24}},"212":{"start":{"line":352,"column":4},"end":{"line":352,"column":32}},"213":{"start":{"line":360,"column":4},"end":{"line":489,"column":6}},"214":{"start":{"line":361,"column":6},"end":{"line":361,"column":35}},"215":{"start":{"line":361,"column":15},"end":{"line":361,"column":35}},"216":{"start":{"line":363,"column":6},"end":{"line":363,"column":23}},"217":{"start":{"line":365,"column":6},"end":{"line":367,"column":7}},"218":{"start":{"line":366,"column":8},"end":{"line":366,"column":104}},"219":{"start":{"line":369,"column":6},"end":{"line":371,"column":7}},"220":{"start":{"line":370,"column":8},"end":{"line":370,"column":105}},"221":{"start":{"line":373,"column":6},"end":{"line":373,"column":23}},"222":{"start":{"line":374,"column":6},"end":{"line":374,"column":30}},"223":{"start":{"line":375,"column":6},"end":{"line":375,"column":29}},"224":{"start":{"line":377,"column":6},"end":{"line":401,"column":7}},"225":{"start":{"line":378,"column":8},"end":{"line":378,"column":41}},"226":{"start":{"line":379,"column":8},"end":{"line":379,"column":23}},"227":{"start":{"line":380,"column":8},"end":{"line":380,"column":52}},"228":{"start":{"line":382,"column":8},"end":{"line":397,"column":9}},"229":{"start":{"line":383,"column":10},"end":{"line":383,"column":33}},"230":{"start":{"line":385,"column":10},"end":{"line":396,"column":11}},"231":{"start":{"line":386,"column":12},"end":{"line":392,"column":13}},"232":{"start":{"line":387,"column":14},"end":{"line":389,"column":15}},"233":{"start":{"line":388,"column":16},"end":{"line":388,"column":70}},"234":{"start":{"line":391,"column":14},"end":{"line":391,"column":45}},"235":{"start":{"line":394,"column":12},"end":{"line":394,"column":30}},"236":{"start":{"line":395,"column":12},"end":{"line":395,"column":25}},"237":{"start":{"line":400,"column":8},"end":{"line":400,"column":24}},"238":{"start":{"line":403,"column":6},"end":{"line":413,"column":7}},"239":{"start":{"line":404,"column":8},"end":{"line":412,"column":10}},"240":{"start":{"line":415,"column":6},"end":{"line":488,"column":8}},"241":{"start":{"line":416,"column":8},"end":{"line":416,"column":37}},"242":{"start":{"line":416,"column":17},"end":{"line":416,"column":37}},"243":{"start":{"line":418,"column":8},"end":{"line":422,"column":9}},"244":{"start":{"line":419,"column":10},"end":{"line":419,"column":32}},"245":{"start":{"line":420,"column":10},"end":{"line":420,"column":41}},"246":{"start":{"line":421,"column":10},"end":{"line":421,"column":72}},"247":{"start":{"line":424,"column":8},"end":{"line":427,"column":9}},"248":{"start":{"line":425,"column":10},"end":{"line":425,"column":30}},"249":{"start":{"line":426,"column":10},"end":{"line":426,"column":29}},"250":{"start":{"line":430,"column":8},"end":{"line":430,"column":76}},"251":{"start":{"line":431,"column":8},"end":{"line":431,"column":109}},"252":{"start":{"line":432,"column":8},"end":{"line":432,"column":94}},"253":{"start":{"line":434,"column":8},"end":{"line":464,"column":9}},"254":{"start":{"line":436,"column":10},"end":{"line":440,"column":11}},"255":{"start":{"line":437,"column":12},"end":{"line":437,"column":56}},"256":{"start":{"line":438,"column":12},"end":{"line":438,"column":52}},"257":{"start":{"line":438,"column":29},"end":{"line":438,"column":52}},"258":{"start":{"line":439,"column":12},"end":{"line":439,"column":28}},"259":{"start":{"line":442,"column":10},"end":{"line":442,"column":29}},"260":{"start":{"line":444,"column":10},"end":{"line":444,"column":19}},"261":{"start":{"line":445,"column":10},"end":{"line":448,"column":11}},"262":{"start":{"line":446,"column":12},"end":{"line":446,"column":32}},"263":{"start":{"line":447,"column":12},"end":{"line":447,"column":42}},"264":{"start":{"line":450,"column":10},"end":{"line":463,"column":11}},"265":{"start":{"line":451,"column":12},"end":{"line":453,"column":13}},"266":{"start":{"line":452,"column":14},"end":{"line":452,"column":68}},"267":{"start":{"line":455,"column":12},"end":{"line":455,"column":43}},"268":{"start":{"line":456,"column":12},"end":{"line":456,"column":30}},"269":{"start":{"line":458,"column":12},"end":{"line":462,"column":13}},"270":{"start":{"line":459,"column":14},"end":{"line":459,"column":38}},"271":{"start":{"line":461,"column":14},"end":{"line":461,"column":39}},"272":{"start":{"line":466,"column":8},"end":{"line":466,"column":61}},"273":{"start":{"line":468,"column":8},"end":{"line":470,"column":9}},"274":{"start":{"line":469,"column":10},"end":{"line":469,"column":150}},"275":{"start":{"line":472,"column":8},"end":{"line":474,"column":9}},"276":{"start":{"line":473,"column":10},"end":{"line":473,"column":26}},"277":{"start":{"line":476,"column":8},"end":{"line":487,"column":9}},"278":{"start":{"line":477,"column":10},"end":{"line":477,"column":83}},"279":{"start":{"line":478,"column":10},"end":{"line":482,"column":12}},"280":{"start":{"line":479,"column":12},"end":{"line":479,"column":37}},"281":{"start":{"line":479,"column":21},"end":{"line":479,"column":37}},"282":{"start":{"line":481,"column":12},"end":{"line":481,"column":41}},"283":{"start":{"line":484,"column":10},"end":{"line":484,"column":38}},"284":{"start":{"line":486,"column":10},"end":{"line":486,"column":39}},"285":{"start":{"line":497,"column":4},"end":{"line":799,"column":6}},"286":{"start":{"line":498,"column":6},"end":{"line":498,"column":35}},"287":{"start":{"line":498,"column":15},"end":{"line":498,"column":35}},"288":{"start":{"line":500,"column":6},"end":{"line":500,"column":35}},"289":{"start":{"line":502,"column":6},"end":{"line":502,"column":27}},"290":{"start":{"line":503,"column":6},"end":{"line":503,"column":23}},"291":{"start":{"line":504,"column":6},"end":{"line":504,"column":30}},"292":{"start":{"line":505,"column":6},"end":{"line":505,"column":23}},"293":{"start":{"line":506,"column":6},"end":{"line":506,"column":29}},"294":{"start":{"line":508,"column":6},"end":{"line":508,"column":22}},"295":{"start":{"line":509,"column":6},"end":{"line":509,"column":24}},"296":{"start":{"line":510,"column":6},"end":{"line":510,"column":29}},"297":{"start":{"line":511,"column":6},"end":{"line":511,"column":32}},"298":{"start":{"line":512,"column":6},"end":{"line":512,"column":36}},"299":{"start":{"line":513,"column":6},"end":{"line":513,"column":29}},"300":{"start":{"line":514,"colu
[...]
              } else {","                row[columns[0].name] = chunksBuffer.join('')","              }","","              chunksBuffer = null","            }","","            if (row.___return___ == null) {","              // row with ___return___ col is the last row","              if (this.stream) this.emit('row', row)","            }","          }","","          row = null","          columns = metadata","          recordset = []","","          Object.defineProperty(recordset, 'columns', {","            enumerable: false,","            configurable: true,","            value: createColumns(metadata)","          })","","          isChunkedRecordset = false","          if ((metadata.length === 1) && (metadata[0].name === JSON_COLUMN_ID || metadata[0].name === XML_COLUMN_ID)) {","            isChunkedRecordset = true","            chunksBuffer = []","          }","","          if (this.stream) {","            if (recordset.columns.___return___ == null) {","              this.emit('recordset', recordset.columns)","            }","          } else {","            recordsets.push(recordset)","          }","        })","","        req.on('row', rownumber => {","          if (row) {","            if (isChunkedRecordset) return","","            if (row.___return___ == null) {","              // row with ___return___ col is the last row","              if (this.stream) this.emit('row', row)","            }","          }","","          row = {}","","          if (!this.stream) recordset.push(row)","        })","","        req.on('column', (idx, data, more) => {","          if (isChunkedRecordset) {","            chunksBuffer.push(data)","          } else {","            data = valueCorrection(data, columns[idx])","","            let exi = row[columns[idx].name]","            if (exi != null) {","              if (exi instanceof Array) {","                exi.push(data)","              } else {","                row[columns[idx].name] = [exi, data]","              }","            } else {","              row[columns[idx].name] = data","            }","          }","        })","","        req.on('rowcount', count => {","          rowsAffected.push(count)","        })","","        req.once('error', err => {","          if ((typeof err.sqlstate === 'string') && (err.sqlstate.toLowerCase() === '08s01')) {","            connection.hasError = true","          }","","          err = new base.RequestError(err)","          err.code = 'EREQUEST'","","          this.parent.release(connection)","","          debug('req: query failed', err)","          callback(err)","        })","","        req.once('done', () => {","          if (!this._nested) {","            if (row) {","              if (isChunkedRecordset) {","                if ((columns[0].name === JSON_COLUMN_ID) && (config.parseJSON === true)) {","                  try {","                    row = JSON.parse(chunksBuffer.join(''))","                    if (!this.stream) { recordsets[recordsets.length - 1][0] = row }","                  } catch (ex) {","                    row = null","                    const ex2 = new base.RequestError(`Failed to parse incoming JSON. ${ex.message}`, 'EJSON')","","                    if (this.stream) {","                      this.emit('error', ex2)","                    } else {","                      console.error(ex2)","                    }","                  }","                } else {","                  row[columns[0].name] = chunksBuffer.join('')","                }","","                chunksBuffer = null","              }","","              if (row['___return___'] == null) {","                // row with ___return___ col is the last row","                if (this.stream) { this.emit('row', row) }","              }","            }","","            // do we have output parameters to handle?","            if (handleOutput && recordsets.length) {","              let last = recordsets.pop()[0]","","              for (let name in this.parameters) {","                let param = this.parameters[name]","                if (param.io === 2) {","                  output[param.name] = last[param.name]","                }","              }","            }","          }","","          this.parent.release(connection)","","          debug('req: query ok')","","          if (this.stream) {","            callback(null, this._nested ? row : null, output, rowsAffected)","          } else {","            callback(null, recordsets, output, rowsAffected)","          }","        })","      })","    })","  }","","  _execute (procedure, callback) {","    super._execute(procedure, err => {","      if (err) return callback(err)","","      const params = []","      for (let name in this.parameters) {","        let param = this.parameters[name]","        if (param.io === 2) {","          params.push(`@${param.name} ${declare(param.type, param)}`)","        }","      }","","      let cmd = `declare ${['@___return___ int'].concat(params).join(', ')};`","      cmd += `exec @___return___ = ${procedure} `","","      const spp = []","      for (let name in this.parameters) {","        let param = this.parameters[name]","","        if (param.io === 2) {","          // output parameter","          spp.push(`@${param.name}=@${param.name} output`)","        } else {","          // input parameter","          spp.push(`@${param.name}=?`)","        }","      }","","      const params2 = []","      for (let name in this.parameters) {","        let param = this.parameters[name]","        if (param.io === 2) {","          params2.push(`@${param.name} as '${param.name}'`)","        }","      }","","      cmd += `${spp.join(', ')};`","      cmd += `select ${['@___return___ as \\'___return___\\''].concat(params2).join(', ')};`","","      this._nested = true","","      this._query(cmd, (err, recordsets, output, rowsAffected) => {","        this._nested = false","","        if (err) return callback(err)","","        let last, returnValue","        if (this.stream) {","          last = recordsets","        } else {","          last = recordsets.pop()","          if (last) last = last[0]","        }","","        if (last && (last.___return___ != null)) {","          returnValue = last.___return___","","          for (let name in this.parameters) {","            let param = this.parameters[name]","            if (param.io === 2) {","              output[param.name] = last[param.name]","            }","          }","        }","","        if (this.stream) {","          callback(null, null, output, returnValue, rowsAffected)","        } else {","          callback(null, recordsets, output, returnValue, rowsAffected)","        }","      })","    })","  }","","  /*","  Cancel currently executed request.","  */","","  cancel () {","    return false // Request canceling is not implemented by msnodesql driver.","  }","}","","module.exports = Object.assign({","  ConnectionPool,","  Transaction,","  Request,","  PreparedStatement: base.PreparedStatement","}, base.exports)","","Object.defineProperty(module.exports, 'Promise', {","  enumerable: true,","  get: () => {","    return base.Promise","  },","  set: (value) => {","    base.Promise = value","  }","})","","base.driver.name = 'msnodesqlv8'","base.driver.ConnectionPool = ConnectionPool","base.driver.Transaction = Transaction","base.driver.Request = Request",""],"l":{"3":4,"4":0,"6":0,"7":0,"8":0,"9":0,"10":0,"11":0,"13":0,"14":0,"15":0,"17":0,"18":0,"20":0,"21":0,"22":0,"24":0,"27":0,"30":0,"38":0,"39":0,"41":0,"47":0,"48":0,"49":0,"51":0,"59":0,"60":0,"61":0,"63":0,"66":0,"67":0,"69":0,"75":0,"76":0,"78":0,"83":0,"84":0,"86":0,"89":0,"92":0,"93":0,"94":0,"95":0,"96":0,"103":0,"104":0,"108":0,"109":0,"114":0,"117":0,"118":0,"119":0,"120":0,"121":0,"122":0,"123":0,"124":0,"128":0,"129":0,"130":0,"131":0,"132":0,"133":0,"134":0,"136":0,"139":0,"145":0,"146":0,"148":0,"150":0,"151":0,"154":0,"159":0,"160":0,"162":0,"164":0,"166":0,"168":0,"172":0,"173":0,"174":0,"175":0,"178":0,"180":0,"186":0,"187":0,"192":0,"193":0,"195":0,"196":0,"203":0,"204":0,"206":0,"208":0,"209":0,"211":0,"212":0,"214":0,"215":0,"216":0,"217":0,"218":0,"219":0,"220":0,"222":0,"225":0,"227":0,"234":0,"235":0,"237":0,"239":0,"240":0,"241":0,"242":0,"244":0,"245":0,"246":0,"248":0,"250":0,"256":0,"257":0,"259":0,"261":0,"262":0,"263":0,"264":0,"266":0,"267":0,"268":0,"270":0,"272":0,"280":0,"281":0,"285":0,"286":0,"288":0,"290":0,"291":0,"294":0,"295":0,"298":0,"299":0,"300":0,"301":0,"302":0,"303":0,"306":0,"307":0,"310":0,"312":0,"313":0,"315":0,"319":0,"320":0,"321":0,"322":0,"323":0,"326":0,"327":0,"328":0,"329":0,"330":0,"331":0,"334":0,"337":0,"341":0,"342":0,"343":0,"344":0,"346":0,"349":0,"350":0,"351":0,"354":0,"362":0,"363":0,"365":0,"367":0,"368":0,"371":0,"372":0,"373":0,"374":0,"375":0,"376":0,"377":0,"378":0,"379":0,"383":0,"384":0,"385":0,"386":0,"387":0,"390":0,"391":0,"392":0,"393":0,"394":0,"398":0,"399":0,"400":0,"401":0,"402":0,"406":0,"407":0,"408":0,"409":0,"413":0,"414":0,"416":0,"418":0,"419":0,"420":0,"421":0,"422":0,"426":0,"427":0,"428":0,"429":0,"430":0,"431":0,"432":0,"433":0,"435":0,"436":0,"438":0,"439":0,"441":0,"445":0,"448":0,"451":0,"453":0,"457":0,"458":0,"459":0,"461":0,"467":0,"468":0,"469":0,"470":0,"473":0,"474":0,"475":0,"478":0,"482":0,"483":0,"484":0,"486":0,"488":0,"492":0,"494":0,"497":0,"498":0,"499":0,"501":0,"503":0,"504":0,"505":0,"506":0,"508":0,"511":0,"516":0,"517":0,"520":0,"521":0,"522":0,"525":0,"526":0,"528":0,"530":0,"531":0,"534":0,"535":0,"536":0,"537":0,"538":0,"539":0,"540":0,"541":0,"543":0,"544":0,"546":0,"547":0,"549":0,"553":0,"556":0,"559":0,"561":0,"566":0,"567":0,"569":0,"570":0,"571":0,"572":0,"578":0,"580":0,"582":0,"583":0,"585":0,"593":0,"594":0,"596":0,"597":0,"598":0,"599":0,"600":0,"604":0,"605":0,"607":0,"608":0,"609":0,"611":0,"613":0,"616":0,"620":0,"621":0,"622":0,"623":0,"624":0,"628":0,"629":0,"631":0,"633":0,"634":0,"636":0,"638":0,"639":0,"640":0,"642":0,"643":0,"646":0,"647":0,"649":0,"650":0,"651":0,"652":0,"657":0,"658":0,"660":0,"671":0,"675":0,"682":0,"685":0,"688":0,"692":0,"693":0,"694":0,"695":0}},"/home/travis/build/npmtest/node-npmtest-mssql/node_modules/mssql/tedious.js":{"path":"/home/travis/build/npmtest/node-npmtest-mssql/node_modules/mssql/tedious.js","s":{"1":1},"b":{},"f":{},"fnMap":{},"statementMap":{"1":{"start":{"line":1,"column":0},"end":{"line":1,"column":44}}},"branchMap":{},"code":["module.exports = require('./lib/tedious.js')",""],"l":{"1":1}},"/home/travis/build/npmtest/node-npmtest-mssql/node_modules/mssql/lib/cli.js":{"path":"/home/travis/build/npmtest/node-npmtest-mssql/node_modules/mssql/lib/cli.js","s":{"1":2,"2":2,"3":2,"4":2,"5":2,"6":0,"7":2,"8":0,"9":2,"10":0,"11":0,"12":0,"13":0,"14":0,"15":0,"16":0,"17":0,"18":0,"19":0,"20":0,"21":0,"22":0,"23":0,"24":0,"25":0,"26":0,"27":0,"28":0,"29":0,"30":0,"31":0,"32":0,"33":0,"34":0,"35":0,"36":0,"37":0,"38":0,"39":0,"40":0,"41":0,"42":0,"43":0,"44":0,"45":0,"46":0,"47":0,"48":0,"49":0,"50":0,"51":0,"52":0,"53":0,"54":0,"55":0,"56":0,"57":0,"58":0,"59":0,"60":0,"61":0,"62":0,"63":0,"64":0,"65":0,"66":0},"b":{"1":[2,2],"2":[0,0],"3":[0,0],"4":[0,0],"5":[0,0],"6":[0,0],"7":[0,0],"8":[0,0],"9":[0,0]},"f":{},"fnMap":{},"statementMap":{"1":{"start":{"line":3,"column":0},"end":{"line":3,"column":24}},"2":{"start":{"line":4,"column":0},"end":{"line":4,"column":28}},"3":{"start":{"line":5,"column":0},"end":{"line":5,"column":32}},"4":{"start":{"line":7,"column":0},"end":{"line":7,"column":25}},"5":{"start":{"line":8,"column":0},"end":{"line":8,"column":48}},"6":{"start":{"line":8,"column":22},"end":{"line":8,"column":48}},"7":{"start":{"line":9,"column":0},"end":{"line":11,"column":1}},"8":{"start":{"line":10,"column":2},"end":{"line":10,"column":36}},"9":{"start":{"line":15,"column":0},"end":{"line":15,"column":60}},"10":{"start":{"line":16,"column":0},"end":{"line":18,"column":1}},"11":{"start":{"line":17,"column":2},"end":{"line":17,"column":50}},"12":{"start":{"line":19,"column":0},"end":{"line":22,"column":1}},"13":{"start":{"line":20,"column":2},"end":{"line":20,"column":41}},"14":{"start":{"line":21,"column":2},"end":{"line":21,"column":9}},"15":{"start":{"line":26,"column":0},"end":{"line":26,"column":10}},"16":{"start":{"line":27,"column":0},"end":{"line":32,"column":1}},"17":{"start":{"line":28,"column":2},"end":{"line":28,"column":35}},"18":{"start":{"line":30,"column":2},"end":{"line":30,"column":61}},"19":{"start":{"line":31,"column":2},"end":{"line":31,"column":9}},"20":{"start":{"line":34,"column":0},"end":{"line":39,"column":1}},"21":{"start":{"line":35,"column":2},"end":{"line":35,"column":29}},"22":{"start":{"line":37,"column":2},"end":{"line":37,"column":62}},"23":{"start":{"line":38,"column":2},"end":{"line":38,"column":9}},"24":{"start":{"line":43,"column":0},"end":{"line":43,"column":17}},"25":{"start":{"line":45,"column":0},"end":{"line":45,"column":33}},"26":{"start":{"line":46,"column":0},"end":{"line":46,"column":69}},"27":{"start":{"line":46,"column":35},"end":{"line":46,"column":68}},"28":{"start":{"line":48,"column":0},"end":{"line":103,"column":2}},"29":{"start":{"line":49,"column":2},"end":{"line":49,"column":35}},"30":{"start":{"line":50,"column":2},"end":{"line":50,"column":13}},"31":{"start":{"line":51,"column":2},"end":{"line":51,"column":15}},"32":{"start":{"line":53,"column":2},"end":{"line":56,"column":3}},"33":{"start":{"line":54,"column":4},"end":{"line":54,"column":40}},"34":{"start":{"line":55,"column":4},"end":{"line":55,"column":11}},"35":{"start":{"line":58,"column":2},"end":{"line":102,"column":4}},"36":{"start":{"line":59,"column":4},"end":{"line":62,"column":5}},"37":{"start":{"line":60,"column":6},"end":{"line":60,"column":32}},"38":{"start":{"line":61,"column":6},"end":{"line":61,"column":13}},"39":{"start":{"line":64,"column":4},"end":{"line":64,"column":14}},"40":{"start":{"line":66,"column":4},"end":{"line":66,"column":37}},"41":{"start":{"line":67,"column":4},"end":{"line":67,"column":25}},"42":{"start":{"line":68,"column":4},"end":{"line":75,"column":6}},"43":{"start":{"line":69,"column":6},"end":{"line":69,"column":15}},"44":{"start":{"line":70,"column":6},"end":{"line":72,"column":7}},"45":{"start":{"line":71,"column":8},"end":{"line":71,"column":19}},"46":{"start":{"line":74,"column":6},"end":{"line":74,"column":23}},"47":{"start":{"line":77,"column":4},"end":{"line":81,"column":6}},"48":{"start":{"line":78,"column":6},"end":{"line":78,"column":32}},"49":{"start":{"line":79,"column":6},"end":{"line":79,"column":17}},"50":{"start":{"line":80,"column":6},"end":{"line":80,"column":20}},"51":{"start":{"line":83,"column":4},"end":{"line":89,"column":6}},"52":{"start":{"line":84,"column":6},"end":{"line":86,"column":7}},"53":{"start":{"line":85,"column":8},"end":{"line":85,"column":18}},"54":{"start":{"line":88,"column":6},"end":{"line":88,"column":39}},"55":{"start":{"line":91,"column":4},"end":{"line":99,"column":6}},"56":{"start":{"line":92,"column":6},"end":{"line":94,"column":7}},"57":{"start":{"line":93,"column":8},"end":{"line":93,"column":18}},"58":{"start":{"line":96,"column":6},"end":{"line":96,"column":18}},"59":{"start":{"line":97,"column":6},"end":{"line":97,"column":17}},"60":{"start":{"line":98,"column":6},"end":{"line":98,"column":20}},"61":{"start":{"line":101,"column":4},"end":{"line":101,"column":28}},"62":{"start":{"line":105,"column":0},"end":{"line":113,"column":2}},"63":{"start":{"line":106,"column":2},"end":{"line":110,"column":3}},"64":{"start":{"line":107,"column":4},"end":{"line":107,"column":50}},"65":{"start":{"line":109,"column":4},"end":{"line":109,"column":30}},"66":{"start":{"line":112,"column":2},"end":{"line":112,"column":9}}},"branchMap":{"1":{"line":15,"type":"binary-expr","locations":[{"start":{"line":15,"column":27},"end":{"line":15,"column":42}},{"start":{"line":15,"column":46},"end":{"line":15,"column":59}}]},"2":{"line":16,"type":"if","locations":[{"start":{"line":16,"column":0},"end":{"line":16,"column":0}},{"start":{"line":16,"column":0},"end":{"line":16,"column":0}}]},"3":{"line":19,"type":"if","locations":[{"start":{"line":19,"column":0},"end":{"line":19,"column":0}},{"start":{"line":19,"column":0},"end":{"line":19,"column":0}}]},"4":{"line":53,"type":"if","locations":[{"start":{"line":53,"column":2},"end":{"line":53,"column":2}},{"start":{"line":53,"column":2},"end":{"line":53,"column":2}}]},"5":{"line":59,"type":"if","locations":[{"start":{"line":59,"column":4},"end":{"line":59,"column":4}},{"start":{"line":59,"column":4},"end":{"line":59,"column":4}}]},"6":{"line":70,"type":"if","locations":[{"start":{"line":70,"column":6},"end":{"line":70,"column":6}},{"start":{"line":70,"column":6},"end":{"line":70,"column":6}}]},"7":{"line":84,"type":"if","locations":[{"start":{"line":84,"column":6},"end":{"line":84,"column":6}},{"start":{"line":84,"column":6},"end":{"line":84,"column":6}}]},"8":{"line":92,"type":"if","locations":[{"start":{"line":92,"column":6},"end":{"line":92,"column":6}},{"start":{"line":92,"column":6},"end":{"line":92,"column":6}}]},"9":{"line":106,"type":"if","locations":[{"start":{"line":106,"column":2},"end":{"line":106,"column":2}},{"start":{"line":106,"column":2},"end":{"line":106,"column":2}}]}},"code":["'use strict'","","const fs = require('fs')","const path = require('path')","const sql = require('./tedious')","","const exit = process.exit","const write = text => process.stdout.write(text)","Buffer.prototype.toJSON = () => {","  return `0x${this.toString('hex')}`","}","","// Resolve config path","","let cfgPath = path.resolve(process.argv[2] || process.cwd())","if (fs.lstatSync(cfgPath).isDirectory()) {","  cfgPath = path.resolve(cfgPath, './.mssql.json')","}","if (!fs.existsSync(cfgPath)) {","  console.error('Config file not found.')","  exit(1)","}","","// Config checks & parse","","let config","try {","  config = fs.readFileSync(cfgPath)","} catch (err) {","  console.error(`Failed to load config file. ${err.message}`)","  exit(1)","}","","try {","  config = JSON.parse(config)","} catch (err) {","  console.error(`Failed to parse config file. ${err.message}`)","  exit(1)","}","","// Read stdin","","const buffer = []","","process.stdin.setEncoding('utf8')","process.stdin.on('readable', () => buffer.push(process.stdin.read()))","","process.stdin.on('end', () => {","  const statement = buffer.join('')","  let rst = 0","  let index = 0","","  if (!statement.length) {","    console.error('Statement is empty.')","    exit(1)","  }","","  sql.connect(config, err => {","    if (err) {","      console.error(err.message)","      exit(1)","    }","","    write('[')","","    const request = new sql.Request()","    request.stream = true","    request.on('recordset', () => {","      index = 0","      if (rst++ > 0) {","        write('],')","      }","","      return write('[')","    })","","    request.on('error', err => {","      console.error(err.message)","      sql.close()","      return exit(1)","    })","","    request.on('row', row => {","      if (index++ > 0) {","        write(',')","      }","","      return write(JSON.stringify(row))","    })","","    request.on('done', () => {","      if (rst > 0) {","        write(']')","      }","","      write(']\\n')","      sql.close()","      return exit(0)","    })","","    request.query(statement)","  })","})","","process.on('uncaughtException', err => {","  if (err.code === 'EPIPE') {","    console.error('Failed to pipe output stream.')","  } else {","    console.error(err.message)","  }","","  exit(1)","})",""],"l":{"3":2,"4":2,"5":2,"7":2,"8":2,"9":2,"10":0,"15":2,"16":0,"17":0,"19":0,"20":0,"21":0,"26":0,"27":0,"28":0,"30":0,"31":0,"34":0,"35":0,"37":0,"38":0,"43":0,"45":0,"46":0,"48":0,"49":0,"50":0,"51":0,"53":0,"54":0,"55":0,"58":0,"59":0,"60":0,"61":0,"64":0,"66":0,"67":0,"68":0,"69":0,"70":0,"71":0,"74":0,"77":0,"78":0,"79":0,"80":0,"83":0,"84":0,"85":0,"88":0,"91":0,"92":0,"93":0,"96":0,"97":0,"98":0,"101":0,"105":0,"106":0,"107":0,"109":0,"112":0}}}